ERROR: TypeError: in <:, expected Type, got a value of type TypeVar
Stacktrace:
 [1] ⊑(::Any, ::Any) at /nix/store/bsvy9dc7095l5gxil5npqls6miqf0pfh-julia-1.5.4/lib/julia/sys.so:?
 [2] tmerge(::Any, ::Any) at /nix/store/bsvy9dc7095l5gxil5npqls6miqf0pfh-julia-1.5.4/lib/julia/sys.so:?
 [3] getfield_tfunc(::Any, ::Any) at /nix/store/bsvy9dc7095l5gxil5npqls6miqf0pfh-julia-1.5.4/lib/julia/sys.so:?
 [4] builtin_tfunction(::Any, ::Array{Any,1}, ::Union{Nothing, Core.Compiler.InferenceState}, ::Core.Compiler.Params) at /nix/store/bsvy9dc7095l5gxil5npqls6miqf0pfh-julia-1.5.4/lib/julia/sys.so:?
 [5] builtin_tfunction at ./compiler/tfuncs.jl:1342 [inlined]
 [6] abstract_call_known(::Any, ::Array{Any,1}, ::Array{Any,1}, ::Array{Any,1}, ::Core.Compiler.InferenceState, ::Int64) at ./compiler/abstractinterpretation.jl:720
 [7] abstract_call(::Array{Any,1}, ::Array{Any,1}, ::Array{Any,1}, ::Core.Compiler.InferenceState, ::Int64) at ./compiler/abstractinterpretation.jl:926
 [8] abstract_call(::Array{Any,1}, ::Array{Any,1}, ::Array{Any,1}, ::Core.Compiler.InferenceState) at ./compiler/abstractinterpretation.jl:911
 [9] abstract_eval(::Any, ::Array{Any,1}, ::Core.Compiler.InferenceState) at ./compiler/abstractinterpretation.jl:1005
 [10] typeinf_local(::Core.Compiler.InferenceState) at ./compiler/abstractinterpretation.jl:1270
 [11] typeinf_nocycle(::Core.Compiler.InferenceState) at ./compiler/abstractinterpretation.jl:1326
 [12] typeinf(::Core.Compiler.InferenceState) at ./compiler/typeinfer.jl:12
 [13] typeinf_edge(::Method, ::Any, ::Core.SimpleVector, ::Core.Compiler.InferenceState) at ./compiler/typeinfer.jl:484
 [14] abstract_call_method(::Method, ::Any, ::Core.SimpleVector, ::Bool, ::Core.Compiler.InferenceState) at ./compiler/abstractinterpretation.jl:419
 [15] abstract_call_gf_by_type(::Any, ::Array{Any,1}, ::Any, ::Core.Compiler.InferenceState, ::Int64) at ./compiler/abstractinterpretation.jl:111
 [16] abstract_call_known(::Any, ::Array{Any,1}, ::Array{Any,1}, ::Array{Any,1}, ::Core.Compiler.InferenceState, ::Int64) at ./compiler/abstractinterpretation.jl:904
 ... (the last 10 lines are repeated 6 more times)
 [77] abstract_call(::Array{Any,1}, ::Array{Any,1}, ::Array{Any,1}, ::Core.Compiler.InferenceState, ::Int64) at ./compiler/abstractinterpretation.jl:926
 [78] abstract_call(::Array{Any,1}, ::Array{Any,1}, ::Array{Any,1}, ::Core.Compiler.InferenceState) at ./compiler/abstractinterpretation.jl:911
 [79] abstract_eval(::Any, ::Array{Any,1}, ::Core.Compiler.InferenceState) at ./compiler/abstractinterpretation.jl:1005
 [80] typeinf_local(::Core.Compiler.InferenceState) at ./compiler/abstractinterpretation.jl:1270
 [81] typeinf_nocycle(::Core.Compiler.InferenceState) at ./compiler/abstractinterpretation.jl:1326
 [82] typeinf(::Core.Compiler.InferenceState) at ./compiler/typeinfer.jl:12
 [83] typeinf_code(::Method, ::Any, ::Core.SimpleVector, ::Bool, ::Core.Compiler.Params) at ./compiler/typeinfer.jl:511
 [84] code_typed(::Any, ::Any; optimize::Bool, debuginfo::Symbol, world::UInt64, params::Core.Compiler.Params) at ./reflection.jl:1117
 [85] run_type_inference(::Any, ::Any) at /data/artem/stability/repo/Stability/src/Stability.jl:61
 [86] module_stats(::Module, ::IOStream) at /data/artem/stability/repo/Stability/src/Stability.jl:248
 [87] (::var"#217#221")(::IOStream) at ./none:36
 [88] open(::var"#217#221", ::String, ::Vararg{String,N} where N; kwargs::Base.Iterators.Pairs{Union{},Union{},Tuple{},NamedTuple{(),Tuple{}}}) at ./io.jl:325
 [89] open(::Function, ::String, ::String) at /nix/store/bsvy9dc7095l5gxil5npqls6miqf0pfh-julia-1.5.4/lib/julia/sys.so:?
 [90] top-level scope at none:35
 [91] eval(::Module, ::Any) at /nix/store/bsvy9dc7095l5gxil5npqls6miqf0pfh-julia-1.5.4/lib/julia/sys.so:?
 [92] exec_options(::Base.JLOptions) at /nix/store/bsvy9dc7095l5gxil5npqls6miqf0pfh-julia-1.5.4/lib/julia/sys.so:?
ERROR: TypeError: in <:, expected Type, got a value of type TypeVar
Stacktrace:
 [1] ⊑(::Any, ::Any) at /nix/store/bsvy9dc7095l5gxil5npqls6miqf0pfh-julia-1.5.4/lib/julia/sys.so:?
 [2] tmerge(::Any, ::Any) at /nix/store/bsvy9dc7095l5gxil5npqls6miqf0pfh-julia-1.5.4/lib/julia/sys.so:?
 [3] getfield_tfunc(::Any, ::Any) at /nix/store/bsvy9dc7095l5gxil5npqls6miqf0pfh-julia-1.5.4/lib/julia/sys.so:?
 [4] builtin_tfunction(::Any, ::Array{Any,1}, ::Union{Nothing, Core.Compiler.InferenceState}, ::Core.Compiler.Params) at /nix/store/bsvy9dc7095l5gxil5npqls6miqf0pfh-julia-1.5.4/lib/julia/sys.so:?
 [5] builtin_tfunction at ./compiler/tfuncs.jl:1342 [inlined]
 [6] abstract_call_known(::Any, ::Array{Any,1}, ::Array{Any,1}, ::Array{Any,1}, ::Core.Compiler.InferenceState, ::Int64) at ./compiler/abstractinterpretation.jl:720
 [7] abstract_call(::Array{Any,1}, ::Array{Any,1}, ::Array{Any,1}, ::Core.Compiler.InferenceState, ::Int64) at ./compiler/abstractinterpretation.jl:926
 [8] abstract_call(::Array{Any,1}, ::Array{Any,1}, ::Array{Any,1}, ::Core.Compiler.InferenceState) at ./compiler/abstractinterpretation.jl:911
 [9] abstract_eval(::Any, ::Array{Any,1}, ::Core.Compiler.InferenceState) at ./compiler/abstractinterpretation.jl:1005
 [10] typeinf_local(::Core.Compiler.InferenceState) at ./compiler/abstractinterpretation.jl:1270
 [11] typeinf_nocycle(::Core.Compiler.InferenceState) at ./compiler/abstractinterpretation.jl:1326
 [12] typeinf(::Core.Compiler.InferenceState) at ./compiler/typeinfer.jl:12
 [13] typeinf_edge(::Method, ::Any, ::Core.SimpleVector, ::Core.Compiler.InferenceState) at ./compiler/typeinfer.jl:484
 [14] abstract_call_method(::Method, ::Any, ::Core.SimpleVector, ::Bool, ::Core.Compiler.InferenceState) at ./compiler/abstractinterpretation.jl:419
 [15] abstract_call_gf_by_type(::Any, ::Array{Any,1}, ::Any, ::Core.Compiler.InferenceState, ::Int64) at ./compiler/abstractinterpretation.jl:111
 [16] abstract_call_known(::Any, ::Array{Any,1}, ::Array{Any,1}, ::Array{Any,1}, ::Core.Compiler.InferenceState, ::Int64) at ./compiler/abstractinterpretation.jl:904
 ... (the last 10 lines are repeated 6 more times)
 [77] abstract_call(::Array{Any,1}, ::Array{Any,1}, ::Array{Any,1}, ::Core.Compiler.InferenceState, ::Int64) at ./compiler/abstractinterpretation.jl:926
 [78] abstract_call(::Array{Any,1}, ::Array{Any,1}, ::Array{Any,1}, ::Core.Compiler.InferenceState) at ./compiler/abstractinterpretation.jl:911
 [79] abstract_eval(::Any, ::Array{Any,1}, ::Core.Compiler.InferenceState) at ./compiler/abstractinterpretation.jl:1005
 [80] typeinf_local(::Core.Compiler.InferenceState) at ./compiler/abstractinterpretation.jl:1270
 [81] typeinf_nocycle(::Core.Compiler.InferenceState) at ./compiler/abstractinterpretation.jl:1326
 [82] typeinf(::Core.Compiler.InferenceState) at ./compiler/typeinfer.jl:12
 [83] typeinf_code(::Method, ::Any, ::Core.SimpleVector, ::Bool, ::Core.Compiler.Params) at ./compiler/typeinfer.jl:511
 [84] code_typed(::Any, ::Any; optimize::Bool, debuginfo::Symbol, world::UInt64, params::Core.Compiler.Params) at ./reflection.jl:1117
 [85] run_type_inference(::Any, ::Any) at /data/artem/stability/repo/Stability/src/Stability.jl:61
 [86] module_stats(::Module, ::IOStream) at /data/artem/stability/repo/Stability/src/Stability.jl:248
 [87] (::var"#217#221")(::IOStream) at ./none:36
 [88] open(::var"#217#221", ::String, ::Vararg{String,N} where N; kwargs::Base.Iterators.Pairs{Union{},Union{},Tuple{},NamedTuple{(),Tuple{}}}) at ./io.jl:325
 [89] open(::Function, ::String, ::String) at /nix/store/bsvy9dc7095l5gxil5npqls6miqf0pfh-julia-1.5.4/lib/julia/sys.so:?
 [90] top-level scope at none:35
 [91] eval(::Module, ::Any) at /nix/store/bsvy9dc7095l5gxil5npqls6miqf0pfh-julia-1.5.4/lib/julia/sys.so:?
 [92] exec_options(::Base.JLOptions) at /nix/store/bsvy9dc7095l5gxil5npqls6miqf0pfh-julia-1.5.4/lib/julia/sys.so:?
ERROR: UndefRefError: access to undefined reference
Stacktrace:
 [1] getproperty(::Type{T} where T, ::Symbol) at /nix/store/bsvy9dc7095l5gxil5npqls6miqf0pfh-julia-1.5.4/lib/julia/sys.so:?
 [2] reconstruct_func_call(::Core.MethodInstance) at /data/artem/stability/repo/Stability/src/Stability.jl:116
 [3] module_stats(::Module, ::IOStream) at /data/artem/stability/repo/Stability/src/Stability.jl:237
 [4] (::var"#217#221")(::IOStream) at ./none:36
 [5] open(::var"#217#221", ::String, ::Vararg{String,N} where N; kwargs::Base.Iterators.Pairs{Union{},Union{},Tuple{},NamedTuple{(),Tuple{}}}) at ./io.jl:325
 [6] open(::Function, ::String, ::String) at /nix/store/bsvy9dc7095l5gxil5npqls6miqf0pfh-julia-1.5.4/lib/julia/sys.so:?
 [7] top-level scope at none:35
 [8] eval(::Module, ::Any) at /nix/store/bsvy9dc7095l5gxil5npqls6miqf0pfh-julia-1.5.4/lib/julia/sys.so:?
 [9] exec_options(::Base.JLOptions) at /nix/store/bsvy9dc7095l5gxil5npqls6miqf0pfh-julia-1.5.4/lib/julia/sys.so:?
 [10] _start() at /nix/store/bsvy9dc7095l5gxil5npqls6miqf0pfh-julia-1.5.4/lib/julia/sys.so:?
ERROR: UndefRefError: access to undefined reference
Stacktrace:
 [1] getproperty(::Type{T} where T, ::Symbol) at /nix/store/bsvy9dc7095l5gxil5npqls6miqf0pfh-julia-1.5.4/lib/julia/sys.so:?
 [2] reconstruct_func_call(::Core.MethodInstance) at /data/artem/stability/repo/Stability/src/Stability.jl:116
 [3] module_stats(::Module, ::IOStream) at /data/artem/stability/repo/Stability/src/Stability.jl:237
 [4] (::var"#217#221")(::IOStream) at ./none:36
 [5] open(::var"#217#221", ::String, ::Vararg{String,N} where N; kwargs::Base.Iterators.Pairs{Union{},Union{},Tuple{},NamedTuple{(),Tuple{}}}) at ./io.jl:325
 [6] open(::Function, ::String, ::String) at /nix/store/bsvy9dc7095l5gxil5npqls6miqf0pfh-julia-1.5.4/lib/julia/sys.so:?
 [7] top-level scope at none:35
 [8] eval(::Module, ::Any) at /nix/store/bsvy9dc7095l5gxil5npqls6miqf0pfh-julia-1.5.4/lib/julia/sys.so:?
 [9] exec_options(::Base.JLOptions) at /nix/store/bsvy9dc7095l5gxil5npqls6miqf0pfh-julia-1.5.4/lib/julia/sys.so:?
 [10] _start() at /nix/store/bsvy9dc7095l5gxil5npqls6miqf0pfh-julia-1.5.4/lib/julia/sys.so:?
ERROR: UndefRefError: access to undefined reference
Stacktrace:
 [1] getproperty(::Type{T} where T, ::Symbol) at /nix/store/bsvy9dc7095l5gxil5npqls6miqf0pfh-julia-1.5.4/lib/julia/sys.so:?
 [2] reconstruct_func_call(::Core.MethodInstance) at /data/artem/stability/repo/Stability/src/Stability.jl:116
 [3] module_stats(::Module, ::IOStream) at /data/artem/stability/repo/Stability/src/Stability.jl:237
 [4] (::var"#217#221")(::IOStream) at ./none:36
 [5] open(::var"#217#221", ::String, ::Vararg{String,N} where N; kwargs::Base.Iterators.Pairs{Union{},Union{},Tuple{},NamedTuple{(),Tuple{}}}) at ./io.jl:325
 [6] open(::Function, ::String, ::String) at /nix/store/bsvy9dc7095l5gxil5npqls6miqf0pfh-julia-1.5.4/lib/julia/sys.so:?
 [7] top-level scope at none:35
 [8] eval(::Module, ::Any) at /nix/store/bsvy9dc7095l5gxil5npqls6miqf0pfh-julia-1.5.4/lib/julia/sys.so:?
 [9] exec_options(::Base.JLOptions) at /nix/store/bsvy9dc7095l5gxil5npqls6miqf0pfh-julia-1.5.4/lib/julia/sys.so:?
 [10] _start() at /nix/store/bsvy9dc7095l5gxil5npqls6miqf0pfh-julia-1.5.4/lib/julia/sys.so:?
ERROR: UndefRefError: access to undefined reference
Stacktrace:
 [1] getproperty(::Type{T} where T, ::Symbol) at /nix/store/bsvy9dc7095l5gxil5npqls6miqf0pfh-julia-1.5.4/lib/julia/sys.so:?
 [2] reconstruct_func_call(::Core.MethodInstance) at /data/artem/stability/repo/Stability/src/Stability.jl:116
 [3] module_stats(::Module, ::IOStream) at /data/artem/stability/repo/Stability/src/Stability.jl:237
 [4] (::var"#217#221")(::IOStream) at ./none:36
 [5] open(::var"#217#221", ::String, ::Vararg{String,N} where N; kwargs::Base.Iterators.Pairs{Union{},Union{},Tuple{},NamedTuple{(),Tuple{}}}) at ./io.jl:325
 [6] open(::Function, ::String, ::String) at /nix/store/bsvy9dc7095l5gxil5npqls6miqf0pfh-julia-1.5.4/lib/julia/sys.so:?
 [7] top-level scope at none:35
 [8] eval(::Module, ::Any) at /nix/store/bsvy9dc7095l5gxil5npqls6miqf0pfh-julia-1.5.4/lib/julia/sys.so:?
 [9] exec_options(::Base.JLOptions) at /nix/store/bsvy9dc7095l5gxil5npqls6miqf0pfh-julia-1.5.4/lib/julia/sys.so:?
 [10] _start() at /nix/store/bsvy9dc7095l5gxil5npqls6miqf0pfh-julia-1.5.4/lib/julia/sys.so:?
ERROR: UndefRefError: access to undefined reference
Stacktrace:
 [1] getproperty(::Type{T} where T, ::Symbol) at /nix/store/bsvy9dc7095l5gxil5npqls6miqf0pfh-julia-1.5.4/lib/julia/sys.so:?
 [2] reconstruct_func_call(::Core.MethodInstance) at /data/artem/stability/repo/Stability/src/Stability.jl:116
 [3] module_stats(::Module, ::IOStream) at /data/artem/stability/repo/Stability/src/Stability.jl:237
 [4] (::var"#217#221")(::IOStream) at ./none:36
 [5] open(::var"#217#221", ::String, ::Vararg{String,N} where N; kwargs::Base.Iterators.Pairs{Union{},Union{},Tuple{},NamedTuple{(),Tuple{}}}) at ./io.jl:325
 [6] open(::Function, ::String, ::String) at /nix/store/bsvy9dc7095l5gxil5npqls6miqf0pfh-julia-1.5.4/lib/julia/sys.so:?
 [7] top-level scope at none:35
 [8] eval(::Module, ::Any) at /nix/store/bsvy9dc7095l5gxil5npqls6miqf0pfh-julia-1.5.4/lib/julia/sys.so:?
 [9] exec_options(::Base.JLOptions) at /nix/store/bsvy9dc7095l5gxil5npqls6miqf0pfh-julia-1.5.4/lib/julia/sys.so:?
 [10] _start() at /nix/store/bsvy9dc7095l5gxil5npqls6miqf0pfh-julia-1.5.4/lib/julia/sys.so:?
ERROR: UndefRefError: access to undefined reference
Stacktrace:
 [1] getproperty(::Type{T} where T, ::Symbol) at /nix/store/bsvy9dc7095l5gxil5npqls6miqf0pfh-julia-1.5.4/lib/julia/sys.so:?
 [2] reconstruct_func_call(::Core.MethodInstance) at /data/artem/stability/repo/Stability/src/Stability.jl:116
 [3] module_stats(::Module, ::IOStream) at /data/artem/stability/repo/Stability/src/Stability.jl:237
 [4] (::var"#217#221")(::IOStream) at ./none:36
 [5] open(::var"#217#221", ::String, ::Vararg{String,N} where N; kwargs::Base.Iterators.Pairs{Union{},Union{},Tuple{},NamedTuple{(),Tuple{}}}) at ./io.jl:325
 [6] open(::Function, ::String, ::String) at /nix/store/bsvy9dc7095l5gxil5npqls6miqf0pfh-julia-1.5.4/lib/julia/sys.so:?
 [7] top-level scope at none:35
 [8] eval(::Module, ::Any) at /nix/store/bsvy9dc7095l5gxil5npqls6miqf0pfh-julia-1.5.4/lib/julia/sys.so:?
 [9] exec_options(::Base.JLOptions) at /nix/store/bsvy9dc7095l5gxil5npqls6miqf0pfh-julia-1.5.4/lib/julia/sys.so:?
 [10] _start() at /nix/store/bsvy9dc7095l5gxil5npqls6miqf0pfh-julia-1.5.4/lib/julia/sys.so:?
ERROR: UndefRefError: access to undefined reference
Stacktrace:
 [1] getproperty(::Type{T} where T, ::Symbol) at /nix/store/bsvy9dc7095l5gxil5npqls6miqf0pfh-julia-1.5.4/lib/julia/sys.so:?
 [2] reconstruct_func_call(::Core.MethodInstance) at /data/artem/stability/repo/Stability/src/Stability.jl:116
 [3] module_stats(::Module, ::IOStream) at /data/artem/stability/repo/Stability/src/Stability.jl:237
 [4] (::var"#217#221")(::IOStream) at ./none:36
 [5] open(::var"#217#221", ::String, ::Vararg{String,N} where N; kwargs::Base.Iterators.Pairs{Union{},Union{},Tuple{},NamedTuple{(),Tuple{}}}) at ./io.jl:325
 [6] open(::Function, ::String, ::String) at /nix/store/bsvy9dc7095l5gxil5npqls6miqf0pfh-julia-1.5.4/lib/julia/sys.so:?
 [7] top-level scope at none:35
 [8] eval(::Module, ::Any) at /nix/store/bsvy9dc7095l5gxil5npqls6miqf0pfh-julia-1.5.4/lib/julia/sys.so:?
 [9] exec_options(::Base.JLOptions) at /nix/store/bsvy9dc7095l5gxil5npqls6miqf0pfh-julia-1.5.4/lib/julia/sys.so:?
 [10] _start() at /nix/store/bsvy9dc7095l5gxil5npqls6miqf0pfh-julia-1.5.4/lib/julia/sys.so:?
ERROR: UndefRefError: access to undefined reference
Stacktrace:
 [1] getproperty(::Type{T} where T, ::Symbol) at /nix/store/bsvy9dc7095l5gxil5npqls6miqf0pfh-julia-1.5.4/lib/julia/sys.so:?
 [2] reconstruct_func_call(::Core.MethodInstance) at /data/artem/stability/repo/Stability/src/Stability.jl:116
 [3] module_stats(::Module, ::IOStream) at /data/artem/stability/repo/Stability/src/Stability.jl:237
 [4] (::var"#217#221")(::IOStream) at ./none:36
 [5] open(::var"#217#221", ::String, ::Vararg{String,N} where N; kwargs::Base.Iterators.Pairs{Union{},Union{},Tuple{},NamedTuple{(),Tuple{}}}) at ./io.jl:325
 [6] open(::Function, ::String, ::String) at /nix/store/bsvy9dc7095l5gxil5npqls6miqf0pfh-julia-1.5.4/lib/julia/sys.so:?
 [7] top-level scope at none:35
 [8] eval(::Module, ::Any) at /nix/store/bsvy9dc7095l5gxil5npqls6miqf0pfh-julia-1.5.4/lib/julia/sys.so:?
 [9] exec_options(::Base.JLOptions) at /nix/store/bsvy9dc7095l5gxil5npqls6miqf0pfh-julia-1.5.4/lib/julia/sys.so:?
 [10] _start() at /nix/store/bsvy9dc7095l5gxil5npqls6miqf0pfh-julia-1.5.4/lib/julia/sys.so:?
ERROR: UndefRefError: access to undefined reference
Stacktrace:
 [1] getproperty(::Type{T} where T, ::Symbol) at /nix/store/bsvy9dc7095l5gxil5npqls6miqf0pfh-julia-1.5.4/lib/julia/sys.so:?
 [2] reconstruct_func_call(::Core.MethodInstance) at /data/artem/stability/repo/Stability/src/Stability.jl:116
 [3] module_stats(::Module, ::IOStream) at /data/artem/stability/repo/Stability/src/Stability.jl:237
 [4] (::var"#217#221")(::IOStream) at ./none:36
 [5] open(::var"#217#221", ::String, ::Vararg{String,N} where N; kwargs::Base.Iterators.Pairs{Union{},Union{},Tuple{},NamedTuple{(),Tuple{}}}) at ./io.jl:325
 [6] open(::Function, ::String, ::String) at /nix/store/bsvy9dc7095l5gxil5npqls6miqf0pfh-julia-1.5.4/lib/julia/sys.so:?
 [7] top-level scope at none:35
 [8] eval(::Module, ::Any) at /nix/store/bsvy9dc7095l5gxil5npqls6miqf0pfh-julia-1.5.4/lib/julia/sys.so:?
 [9] exec_options(::Base.JLOptions) at /nix/store/bsvy9dc7095l5gxil5npqls6miqf0pfh-julia-1.5.4/lib/julia/sys.so:?
 [10] _start() at /nix/store/bsvy9dc7095l5gxil5npqls6miqf0pfh-julia-1.5.4/lib/julia/sys.so:?
ERROR: UndefRefError: access to undefined reference
Stacktrace:
 [1] getproperty(::Type{T} where T, ::Symbol) at /nix/store/bsvy9dc7095l5gxil5npqls6miqf0pfh-julia-1.5.4/lib/julia/sys.so:?
 [2] reconstruct_func_call(::Core.MethodInstance) at /data/artem/stability/repo/Stability/src/Stability.jl:116
 [3] module_stats(::Module, ::IOStream) at /data/artem/stability/repo/Stability/src/Stability.jl:237
 [4] (::var"#217#221")(::IOStream) at ./none:36
 [5] open(::var"#217#221", ::String, ::Vararg{String,N} where N; kwargs::Base.Iterators.Pairs{Union{},Union{},Tuple{},NamedTuple{(),Tuple{}}}) at ./io.jl:325
 [6] open(::Function, ::String, ::String) at /nix/store/bsvy9dc7095l5gxil5npqls6miqf0pfh-julia-1.5.4/lib/julia/sys.so:?
 [7] top-level scope at none:35
 [8] eval(::Module, ::Any) at /nix/store/bsvy9dc7095l5gxil5npqls6miqf0pfh-julia-1.5.4/lib/julia/sys.so:?
 [9] exec_options(::Base.JLOptions) at /nix/store/bsvy9dc7095l5gxil5npqls6miqf0pfh-julia-1.5.4/lib/julia/sys.so:?
 [10] _start() at /nix/store/bsvy9dc7095l5gxil5npqls6miqf0pfh-julia-1.5.4/lib/julia/sys.so:?
ERROR: UndefRefError: access to undefined reference
Stacktrace:
 [1] getproperty(::Type{T} where T, ::Symbol) at /nix/store/bsvy9dc7095l5gxil5npqls6miqf0pfh-julia-1.5.4/lib/julia/sys.so:?
 [2] reconstruct_func_call(::Core.MethodInstance) at /data/artem/stability/repo/Stability/src/Stability.jl:116
 [3] module_stats(::Module, ::IOStream) at /data/artem/stability/repo/Stability/src/Stability.jl:237
 [4] (::var"#217#221")(::IOStream) at ./none:36
 [5] open(::var"#217#221", ::String, ::Vararg{String,N} where N; kwargs::Base.Iterators.Pairs{Union{},Union{},Tuple{},NamedTuple{(),Tuple{}}}) at ./io.jl:325
 [6] open(::Function, ::String, ::String) at /nix/store/bsvy9dc7095l5gxil5npqls6miqf0pfh-julia-1.5.4/lib/julia/sys.so:?
 [7] top-level scope at none:35
 [8] eval(::Module, ::Any) at /nix/store/bsvy9dc7095l5gxil5npqls6miqf0pfh-julia-1.5.4/lib/julia/sys.so:?
 [9] exec_options(::Base.JLOptions) at /nix/store/bsvy9dc7095l5gxil5npqls6miqf0pfh-julia-1.5.4/lib/julia/sys.so:?
 [10] _start() at /nix/store/bsvy9dc7095l5gxil5npqls6miqf0pfh-julia-1.5.4/lib/julia/sys.so:?
ERROR: UndefRefError: access to undefined reference
Stacktrace:
 [1] getproperty(::Type{T} where T, ::Symbol) at /nix/store/bsvy9dc7095l5gxil5npqls6miqf0pfh-julia-1.5.4/lib/julia/sys.so:?
 [2] reconstruct_func_call(::Core.MethodInstance) at /data/artem/stability/repo/Stability/src/Stability.jl:116
 [3] module_stats(::Module, ::IOStream) at /data/artem/stability/repo/Stability/src/Stability.jl:237
 [4] (::var"#217#221")(::IOStream) at ./none:36
 [5] open(::var"#217#221", ::String, ::Vararg{String,N} where N; kwargs::Base.Iterators.Pairs{Union{},Union{},Tuple{},NamedTuple{(),Tuple{}}}) at ./io.jl:325
 [6] open(::Function, ::String, ::String) at /nix/store/bsvy9dc7095l5gxil5npqls6miqf0pfh-julia-1.5.4/lib/julia/sys.so:?
 [7] top-level scope at none:35
 [8] eval(::Module, ::Any) at /nix/store/bsvy9dc7095l5gxil5npqls6miqf0pfh-julia-1.5.4/lib/julia/sys.so:?
 [9] exec_options(::Base.JLOptions) at /nix/store/bsvy9dc7095l5gxil5npqls6miqf0pfh-julia-1.5.4/lib/julia/sys.so:?
 [10] _start() at /nix/store/bsvy9dc7095l5gxil5npqls6miqf0pfh-julia-1.5.4/lib/julia/sys.so:?
ERROR: UndefRefError: access to undefined reference
Stacktrace:
 [1] getproperty(::Type{T} where T, ::Symbol) at /nix/store/bsvy9dc7095l5gxil5npqls6miqf0pfh-julia-1.5.4/lib/julia/sys.so:?
 [2] reconstruct_func_call(::Core.MethodInstance) at /data/artem/stability/repo/Stability/src/Stability.jl:116
 [3] module_stats(::Module, ::IOStream) at /data/artem/stability/repo/Stability/src/Stability.jl:237
 [4] (::var"#217#221")(::IOStream) at ./none:36
 [5] open(::var"#217#221", ::String, ::Vararg{String,N} where N; kwargs::Base.Iterators.Pairs{Union{},Union{},Tuple{},NamedTuple{(),Tuple{}}}) at ./io.jl:325
 [6] open(::Function, ::String, ::String) at /nix/store/bsvy9dc7095l5gxil5npqls6miqf0pfh-julia-1.5.4/lib/julia/sys.so:?
 [7] top-level scope at none:35
 [8] eval(::Module, ::Any) at /nix/store/bsvy9dc7095l5gxil5npqls6miqf0pfh-julia-1.5.4/lib/julia/sys.so:?
 [9] exec_options(::Base.JLOptions) at /nix/store/bsvy9dc7095l5gxil5npqls6miqf0pfh-julia-1.5.4/lib/julia/sys.so:?
 [10] _start() at /nix/store/bsvy9dc7095l5gxil5npqls6miqf0pfh-julia-1.5.4/lib/julia/sys.so:?
ERROR: UndefRefError: access to undefined reference
Stacktrace:
 [1] getproperty(::Type{T} where T, ::Symbol) at /nix/store/bsvy9dc7095l5gxil5npqls6miqf0pfh-julia-1.5.4/lib/julia/sys.so:?
 [2] reconstruct_func_call(::Core.MethodInstance) at /data/artem/stability/repo/Stability/src/Stability.jl:116
 [3] module_stats(::Module, ::IOStream) at /data/artem/stability/repo/Stability/src/Stability.jl:237
 [4] (::var"#217#221")(::IOStream) at ./none:36
 [5] open(::var"#217#221", ::String, ::Vararg{String,N} where N; kwargs::Base.Iterators.Pairs{Union{},Union{},Tuple{},NamedTuple{(),Tuple{}}}) at ./io.jl:325
 [6] open(::Function, ::String, ::String) at /nix/store/bsvy9dc7095l5gxil5npqls6miqf0pfh-julia-1.5.4/lib/julia/sys.so:?
 [7] top-level scope at none:35
 [8] eval(::Module, ::Any) at /nix/store/bsvy9dc7095l5gxil5npqls6miqf0pfh-julia-1.5.4/lib/julia/sys.so:?
 [9] exec_options(::Base.JLOptions) at /nix/store/bsvy9dc7095l5gxil5npqls6miqf0pfh-julia-1.5.4/lib/julia/sys.so:?
 [10] _start() at /nix/store/bsvy9dc7095l5gxil5npqls6miqf0pfh-julia-1.5.4/lib/julia/sys.so:?
