ERROR: cannot call @generated function `addtoindex!(A::AbstractArray, x, I::Union{Real, AbstractArray}...) in AutoGrad at /data/artem/stability/repo/Stability/pkgs/fresh6-10pkgs-ver/AutoGrad/depot/packages/AutoGrad/TTpeo/src/addto.jl:107` with abstract argument types: Tuple{Array{Float64,2},Array{Float64,2},Array{Int64,1},Vararg{Any,N} where N}
Stacktrace:
 [1] error(::String, ::Method, ::String, ::String, ::Type{T} where T) at ./error.jl:42
 [2] func_for_method_checked(::Method, ::Any, ::Core.SimpleVector) at ./reflection.jl:1081
 [3] code_typed(::Any, ::Any; optimize::Bool, debuginfo::Symbol, world::UInt64, params::Core.Compiler.Params) at ./reflection.jl:1116
 [4] run_type_inference at /data/artem/stability/repo/Stability/src/Stability.jl:61 [inlined]
 [5] module_stats(::Module, ::IOStream) at /data/artem/stability/repo/Stability/src/Stability.jl:248
 [6] (::var"#188#192")(::IOStream) at ./none:36
 [7] open(::var"#188#192", ::String, ::Vararg{String,N} where N; kwargs::Base.Iterators.Pairs{Union{},Union{},Tuple{},NamedTuple{(),Tuple{}}}) at ./io.jl:325
 [8] open(::Function, ::String, ::String) at /nix/store/bsvy9dc7095l5gxil5npqls6miqf0pfh-julia-1.5.4/lib/julia/sys.so:?
 [9] top-level scope at none:35
 [10] eval(::Module, ::Any) at /nix/store/bsvy9dc7095l5gxil5npqls6miqf0pfh-julia-1.5.4/lib/julia/sys.so:?
 [11] exec_options(::Base.JLOptions) at /nix/store/bsvy9dc7095l5gxil5npqls6miqf0pfh-julia-1.5.4/lib/julia/sys.so:?
 [12] _start() at /nix/store/bsvy9dc7095l5gxil5npqls6miqf0pfh-julia-1.5.4/lib/julia/sys.so:?
ERROR: cannot call @generated function `addtoindex!(A::AbstractArray, x, I::Union{Real, AbstractArray}...) in AutoGrad at /data/artem/stability/repo/Stability/pkgs/fresh6-10pkgs-ver/AutoGrad/depot/packages/AutoGrad/TTpeo/src/addto.jl:107` with abstract argument types: Tuple{Array{Float32,2},Array{Float32,2},Array{Int64,1},Vararg{Any,N} where N}
Stacktrace:
 [1] error(::String, ::Method, ::String, ::String, ::Type{T} where T) at ./error.jl:42
 [2] func_for_method_checked(::Method, ::Any, ::Core.SimpleVector) at ./reflection.jl:1081
 [3] code_typed(::Any, ::Any; optimize::Bool, debuginfo::Symbol, world::UInt64, params::Core.Compiler.Params) at ./reflection.jl:1116
 [4] run_type_inference at /data/artem/stability/repo/Stability/src/Stability.jl:61 [inlined]
 [5] module_stats(::Module, ::IOStream) at /data/artem/stability/repo/Stability/src/Stability.jl:248
 [6] (::var"#188#192")(::IOStream) at ./none:36
 [7] open(::var"#188#192", ::String, ::Vararg{String,N} where N; kwargs::Base.Iterators.Pairs{Union{},Union{},Tuple{},NamedTuple{(),Tuple{}}}) at ./io.jl:325
 [8] open(::Function, ::String, ::String) at /nix/store/bsvy9dc7095l5gxil5npqls6miqf0pfh-julia-1.5.4/lib/julia/sys.so:?
 [9] top-level scope at none:35
 [10] eval(::Module, ::Any) at /nix/store/bsvy9dc7095l5gxil5npqls6miqf0pfh-julia-1.5.4/lib/julia/sys.so:?
 [11] exec_options(::Base.JLOptions) at /nix/store/bsvy9dc7095l5gxil5npqls6miqf0pfh-julia-1.5.4/lib/julia/sys.so:?
 [12] _start() at /nix/store/bsvy9dc7095l5gxil5npqls6miqf0pfh-julia-1.5.4/lib/julia/sys.so:?
