ERROR: type UnionAll has no field size
Stacktrace:
 [1] intrinsic_nothrow(::Core.IntrinsicFunction, ::Array{Any,1}) at /nix/store/bsvy9dc7095l5gxil5npqls6miqf0pfh-julia-1.5.4/lib/julia/sys.so:?
 [2] stmt_effect_free(::Any, ::Any, ::Core.Compiler.IRCode, ::Array{Any,1}) at /nix/store/bsvy9dc7095l5gxil5npqls6miqf0pfh-julia-1.5.4/lib/julia/sys.so:?
 [3] optimize(::Core.Compiler.OptimizationState, ::Any) at /nix/store/bsvy9dc7095l5gxil5npqls6miqf0pfh-julia-1.5.4/lib/julia/sys.so:?
 [4] typeinf(::Core.Compiler.InferenceState) at /nix/store/bsvy9dc7095l5gxil5npqls6miqf0pfh-julia-1.5.4/lib/julia/sys.so:?
 [5] typeinf_edge(::Method, ::Any, ::Core.SimpleVector, ::Core.Compiler.InferenceState) at /nix/store/bsvy9dc7095l5gxil5npqls6miqf0pfh-julia-1.5.4/lib/julia/sys.so:?
 [6] abstract_call_method(::Method, ::Any, ::Core.SimpleVector, ::Bool, ::Core.Compiler.InferenceState) at /nix/store/bsvy9dc7095l5gxil5npqls6miqf0pfh-julia-1.5.4/lib/julia/sys.so:?
 [7] abstract_call_gf_by_type(::Any, ::Array{Any,1}, ::Any, ::Core.Compiler.InferenceState, ::Int64) at /nix/store/bsvy9dc7095l5gxil5npqls6miqf0pfh-julia-1.5.4/lib/julia/sys.so:?
 [8] abstract_call_known(::Any, ::Array{Any,1}, ::Array{Any,1}, ::Array{Any,1}, ::Core.Compiler.InferenceState, ::Int64) at /nix/store/bsvy9dc7095l5gxil5npqls6miqf0pfh-julia-1.5.4/lib/julia/sys.so:?
 [9] abstract_call(::Array{Any,1}, ::Array{Any,1}, ::Array{Any,1}, ::Core.Compiler.InferenceState, ::Int64) at /nix/store/bsvy9dc7095l5gxil5npqls6miqf0pfh-julia-1.5.4/lib/julia/sys.so:? (repeats 2 times)
 [10] abstract_eval(::Any, ::Array{Any,1}, ::Core.Compiler.InferenceState) at /nix/store/bsvy9dc7095l5gxil5npqls6miqf0pfh-julia-1.5.4/lib/julia/sys.so:?
 [11] typeinf_local(::Core.Compiler.InferenceState) at /nix/store/bsvy9dc7095l5gxil5npqls6miqf0pfh-julia-1.5.4/lib/julia/sys.so:?
 [12] typeinf_nocycle(::Core.Compiler.InferenceState) at /nix/store/bsvy9dc7095l5gxil5npqls6miqf0pfh-julia-1.5.4/lib/julia/sys.so:?
 [13] typeinf(::Core.Compiler.InferenceState) at /nix/store/bsvy9dc7095l5gxil5npqls6miqf0pfh-julia-1.5.4/lib/julia/sys.so:?
 [14] typeinf_edge(::Method, ::Any, ::Core.SimpleVector, ::Core.Compiler.InferenceState) at /nix/store/bsvy9dc7095l5gxil5npqls6miqf0pfh-julia-1.5.4/lib/julia/sys.so:?
 [15] abstract_call_method(::Method, ::Any, ::Core.SimpleVector, ::Bool, ::Core.Compiler.InferenceState) at /nix/store/bsvy9dc7095l5gxil5npqls6miqf0pfh-julia-1.5.4/lib/julia/sys.so:?
 [16] abstract_call_gf_by_type(::Any, ::Array{Any,1}, ::Any, ::Core.Compiler.InferenceState, ::Int64) at /nix/store/bsvy9dc7095l5gxil5npqls6miqf0pfh-julia-1.5.4/lib/julia/sys.so:?
 [17] abstract_call_known(::Any, ::Nothing, ::Array{Any,1}, ::Array{Any,1}, ::Core.Compiler.InferenceState, ::Int64) at /nix/store/bsvy9dc7095l5gxil5npqls6miqf0pfh-julia-1.5.4/lib/julia/sys.so:?
 [18] abstract_call(::Nothing, ::Array{Any,1}, ::Array{Any,1}, ::Core.Compiler.InferenceState, ::Int64) at /nix/store/bsvy9dc7095l5gxil5npqls6miqf0pfh-julia-1.5.4/lib/julia/sys.so:?
 [19] abstract_apply(::Any, ::Any, ::Array{Any,1}, ::Array{Any,1}, ::Core.Compiler.InferenceState, ::Int64) at /nix/store/bsvy9dc7095l5gxil5npqls6miqf0pfh-julia-1.5.4/lib/julia/sys.so:?
 [20] abstract_call_known(::Any, ::Array{Any,1}, ::Array{Any,1}, ::Array{Any,1}, ::Core.Compiler.InferenceState, ::Int64) at /nix/store/bsvy9dc7095l5gxil5npqls6miqf0pfh-julia-1.5.4/lib/julia/sys.so:?
 [21] abstract_call(::Array{Any,1}, ::Array{Any,1}, ::Array{Any,1}, ::Core.Compiler.InferenceState, ::Int64) at /nix/store/bsvy9dc7095l5gxil5npqls6miqf0pfh-julia-1.5.4/lib/julia/sys.so:? (repeats 2 times)
 [22] abstract_eval(::Any, ::Array{Any,1}, ::Core.Compiler.InferenceState) at /nix/store/bsvy9dc7095l5gxil5npqls6miqf0pfh-julia-1.5.4/lib/julia/sys.so:?
 [23] typeinf_local(::Core.Compiler.InferenceState) at /nix/store/bsvy9dc7095l5gxil5npqls6miqf0pfh-julia-1.5.4/lib/julia/sys.so:?
 [24] typeinf_nocycle(::Core.Compiler.InferenceState) at /nix/store/bsvy9dc7095l5gxil5npqls6miqf0pfh-julia-1.5.4/lib/julia/sys.so:?
 [25] typeinf(::Core.Compiler.InferenceState) at /nix/store/bsvy9dc7095l5gxil5npqls6miqf0pfh-julia-1.5.4/lib/julia/sys.so:?
 [26] typeinf_edge(::Method, ::Any, ::Core.SimpleVector, ::Core.Compiler.InferenceState) at /nix/store/bsvy9dc7095l5gxil5npqls6miqf0pfh-julia-1.5.4/lib/julia/sys.so:?
 [27] abstract_call_method(::Method, ::Any, ::Core.SimpleVector, ::Bool, ::Core.Compiler.InferenceState) at /nix/store/bsvy9dc7095l5gxil5npqls6miqf0pfh-julia-1.5.4/lib/julia/sys.so:?
 [28] abstract_call_gf_by_type(::Any, ::Array{Any,1}, ::Any, ::Core.Compiler.InferenceState, ::Int64) at /nix/store/bsvy9dc7095l5gxil5npqls6miqf0pfh-julia-1.5.4/lib/julia/sys.so:?
 [29] abstract_call_known(::Any, ::Array{Any,1}, ::Array{Any,1}, ::Array{Any,1}, ::Core.Compiler.InferenceState, ::Int64) at /nix/store/bsvy9dc7095l5gxil5npqls6miqf0pfh-julia-1.5.4/lib/julia/sys.so:?
 [30] abstract_call(::Array{Any,1}, ::Array{Any,1}, ::Array{Any,1}, ::Core.Compiler.InferenceState, ::Int64) at /nix/store/bsvy9dc7095l5gxil5npqls6miqf0pfh-julia-1.5.4/lib/julia/sys.so:? (repeats 2 times)
 [31] abstract_eval(::Any, ::Array{Any,1}, ::Core.Compiler.InferenceState) at /nix/store/bsvy9dc7095l5gxil5npqls6miqf0pfh-julia-1.5.4/lib/julia/sys.so:?
 [32] typeinf_local(::Core.Compiler.InferenceState) at /nix/store/bsvy9dc7095l5gxil5npqls6miqf0pfh-julia-1.5.4/lib/julia/sys.so:?
 [33] typeinf_nocycle(::Core.Compiler.InferenceState) at /nix/store/bsvy9dc7095l5gxil5npqls6miqf0pfh-julia-1.5.4/lib/julia/sys.so:?
 [34] typeinf(::Core.Compiler.InferenceState) at /nix/store/bsvy9dc7095l5gxil5npqls6miqf0pfh-julia-1.5.4/lib/julia/sys.so:?
 [35] typeinf_code(::Method, ::Any, ::Core.SimpleVector, ::Bool, ::Core.Compiler.Params) at ./compiler/typeinfer.jl:511
 [36] code_typed(::Any, ::Any; optimize::Bool, debuginfo::Symbol, world::UInt64, params::Core.Compiler.Params) at ./reflection.jl:1117
 [37] run_type_inference at /data/artem/stability/repo/Stability/src/Stability.jl:61 [inlined]
 [38] module_stats(::Module, ::IOStream) at /data/artem/stability/repo/Stability/src/Stability.jl:248
 [39] (::var"#153#157")(::IOStream) at ./none:36
 [40] open(::var"#153#157", ::String, ::Vararg{String,N} where N; kwargs::Base.Iterators.Pairs{Union{},Union{},Tuple{},NamedTuple{(),Tuple{}}}) at ./io.jl:325
 [41] open(::Function, ::String, ::String) at /nix/store/bsvy9dc7095l5gxil5npqls6miqf0pfh-julia-1.5.4/lib/julia/sys.so:?
 [42] top-level scope at none:35
 [43] eval(::Module, ::Any) at /nix/store/bsvy9dc7095l5gxil5npqls6miqf0pfh-julia-1.5.4/lib/julia/sys.so:?
 [44] exec_options(::Base.JLOptions) at /nix/store/bsvy9dc7095l5gxil5npqls6miqf0pfh-julia-1.5.4/lib/julia/sys.so:?
 [45] _start() at /nix/store/bsvy9dc7095l5gxil5npqls6miqf0pfh-julia-1.5.4/lib/julia/sys.so:?
ERROR: type UnionAll has no field size
Stacktrace:
 [1] intrinsic_nothrow(::Core.IntrinsicFunction, ::Array{Any,1}) at /nix/store/bsvy9dc7095l5gxil5npqls6miqf0pfh-julia-1.5.4/lib/julia/sys.so:?
 [2] stmt_effect_free(::Any, ::Any, ::Core.Compiler.IRCode, ::Array{Any,1}) at /nix/store/bsvy9dc7095l5gxil5npqls6miqf0pfh-julia-1.5.4/lib/julia/sys.so:?
 [3] optimize(::Core.Compiler.OptimizationState, ::Any) at /nix/store/bsvy9dc7095l5gxil5npqls6miqf0pfh-julia-1.5.4/lib/julia/sys.so:?
 [4] typeinf(::Core.Compiler.InferenceState) at /nix/store/bsvy9dc7095l5gxil5npqls6miqf0pfh-julia-1.5.4/lib/julia/sys.so:?
 [5] typeinf_edge(::Method, ::Any, ::Core.SimpleVector, ::Core.Compiler.InferenceState) at /nix/store/bsvy9dc7095l5gxil5npqls6miqf0pfh-julia-1.5.4/lib/julia/sys.so:?
 [6] abstract_call_method(::Method, ::Any, ::Core.SimpleVector, ::Bool, ::Core.Compiler.InferenceState) at /nix/store/bsvy9dc7095l5gxil5npqls6miqf0pfh-julia-1.5.4/lib/julia/sys.so:?
 [7] abstract_call_gf_by_type(::Any, ::Array{Any,1}, ::Any, ::Core.Compiler.InferenceState, ::Int64) at /nix/store/bsvy9dc7095l5gxil5npqls6miqf0pfh-julia-1.5.4/lib/julia/sys.so:?
 [8] abstract_call_known(::Any, ::Array{Any,1}, ::Array{Any,1}, ::Array{Any,1}, ::Core.Compiler.InferenceState, ::Int64) at /nix/store/bsvy9dc7095l5gxil5npqls6miqf0pfh-julia-1.5.4/lib/julia/sys.so:?
 [9] abstract_call(::Array{Any,1}, ::Array{Any,1}, ::Array{Any,1}, ::Core.Compiler.InferenceState, ::Int64) at /nix/store/bsvy9dc7095l5gxil5npqls6miqf0pfh-julia-1.5.4/lib/julia/sys.so:? (repeats 2 times)
 [10] abstract_eval(::Any, ::Array{Any,1}, ::Core.Compiler.InferenceState) at /nix/store/bsvy9dc7095l5gxil5npqls6miqf0pfh-julia-1.5.4/lib/julia/sys.so:?
 [11] typeinf_local(::Core.Compiler.InferenceState) at /nix/store/bsvy9dc7095l5gxil5npqls6miqf0pfh-julia-1.5.4/lib/julia/sys.so:?
 [12] typeinf_nocycle(::Core.Compiler.InferenceState) at /nix/store/bsvy9dc7095l5gxil5npqls6miqf0pfh-julia-1.5.4/lib/julia/sys.so:?
 [13] typeinf(::Core.Compiler.InferenceState) at /nix/store/bsvy9dc7095l5gxil5npqls6miqf0pfh-julia-1.5.4/lib/julia/sys.so:?
 [14] typeinf_edge(::Method, ::Any, ::Core.SimpleVector, ::Core.Compiler.InferenceState) at /nix/store/bsvy9dc7095l5gxil5npqls6miqf0pfh-julia-1.5.4/lib/julia/sys.so:?
 [15] abstract_call_method(::Method, ::Any, ::Core.SimpleVector, ::Bool, ::Core.Compiler.InferenceState) at /nix/store/bsvy9dc7095l5gxil5npqls6miqf0pfh-julia-1.5.4/lib/julia/sys.so:?
 [16] abstract_call_gf_by_type(::Any, ::Array{Any,1}, ::Any, ::Core.Compiler.InferenceState, ::Int64) at /nix/store/bsvy9dc7095l5gxil5npqls6miqf0pfh-julia-1.5.4/lib/julia/sys.so:?
 [17] abstract_call_known(::Any, ::Nothing, ::Array{Any,1}, ::Array{Any,1}, ::Core.Compiler.InferenceState, ::Int64) at /nix/store/bsvy9dc7095l5gxil5npqls6miqf0pfh-julia-1.5.4/lib/julia/sys.so:?
 [18] abstract_call(::Nothing, ::Array{Any,1}, ::Array{Any,1}, ::Core.Compiler.InferenceState, ::Int64) at /nix/store/bsvy9dc7095l5gxil5npqls6miqf0pfh-julia-1.5.4/lib/julia/sys.so:?
 [19] abstract_apply(::Any, ::Any, ::Array{Any,1}, ::Array{Any,1}, ::Core.Compiler.InferenceState, ::Int64) at /nix/store/bsvy9dc7095l5gxil5npqls6miqf0pfh-julia-1.5.4/lib/julia/sys.so:?
 [20] abstract_call_known(::Any, ::Array{Any,1}, ::Array{Any,1}, ::Array{Any,1}, ::Core.Compiler.InferenceState, ::Int64) at /nix/store/bsvy9dc7095l5gxil5npqls6miqf0pfh-julia-1.5.4/lib/julia/sys.so:?
 [21] abstract_call(::Array{Any,1}, ::Array{Any,1}, ::Array{Any,1}, ::Core.Compiler.InferenceState, ::Int64) at /nix/store/bsvy9dc7095l5gxil5npqls6miqf0pfh-julia-1.5.4/lib/julia/sys.so:? (repeats 2 times)
 [22] abstract_eval(::Any, ::Array{Any,1}, ::Core.Compiler.InferenceState) at /nix/store/bsvy9dc7095l5gxil5npqls6miqf0pfh-julia-1.5.4/lib/julia/sys.so:?
 [23] typeinf_local(::Core.Compiler.InferenceState) at /nix/store/bsvy9dc7095l5gxil5npqls6miqf0pfh-julia-1.5.4/lib/julia/sys.so:?
 [24] typeinf_nocycle(::Core.Compiler.InferenceState) at /nix/store/bsvy9dc7095l5gxil5npqls6miqf0pfh-julia-1.5.4/lib/julia/sys.so:?
 [25] typeinf(::Core.Compiler.InferenceState) at /nix/store/bsvy9dc7095l5gxil5npqls6miqf0pfh-julia-1.5.4/lib/julia/sys.so:?
 [26] typeinf_edge(::Method, ::Any, ::Core.SimpleVector, ::Core.Compiler.InferenceState) at /nix/store/bsvy9dc7095l5gxil5npqls6miqf0pfh-julia-1.5.4/lib/julia/sys.so:?
 [27] abstract_call_method(::Method, ::Any, ::Core.SimpleVector, ::Bool, ::Core.Compiler.InferenceState) at /nix/store/bsvy9dc7095l5gxil5npqls6miqf0pfh-julia-1.5.4/lib/julia/sys.so:?
 [28] abstract_call_gf_by_type(::Any, ::Array{Any,1}, ::Any, ::Core.Compiler.InferenceState, ::Int64) at /nix/store/bsvy9dc7095l5gxil5npqls6miqf0pfh-julia-1.5.4/lib/julia/sys.so:?
 [29] abstract_call_known(::Any, ::Array{Any,1}, ::Array{Any,1}, ::Array{Any,1}, ::Core.Compiler.InferenceState, ::Int64) at /nix/store/bsvy9dc7095l5gxil5npqls6miqf0pfh-julia-1.5.4/lib/julia/sys.so:?
 [30] abstract_call(::Array{Any,1}, ::Array{Any,1}, ::Array{Any,1}, ::Core.Compiler.InferenceState, ::Int64) at /nix/store/bsvy9dc7095l5gxil5npqls6miqf0pfh-julia-1.5.4/lib/julia/sys.so:? (repeats 2 times)
 [31] abstract_eval(::Any, ::Array{Any,1}, ::Core.Compiler.InferenceState) at /nix/store/bsvy9dc7095l5gxil5npqls6miqf0pfh-julia-1.5.4/lib/julia/sys.so:?
 [32] typeinf_local(::Core.Compiler.InferenceState) at /nix/store/bsvy9dc7095l5gxil5npqls6miqf0pfh-julia-1.5.4/lib/julia/sys.so:?
 [33] typeinf_nocycle(::Core.Compiler.InferenceState) at /nix/store/bsvy9dc7095l5gxil5npqls6miqf0pfh-julia-1.5.4/lib/julia/sys.so:?
 [34] typeinf(::Core.Compiler.InferenceState) at /nix/store/bsvy9dc7095l5gxil5npqls6miqf0pfh-julia-1.5.4/lib/julia/sys.so:?
 [35] typeinf_code(::Method, ::Any, ::Core.SimpleVector, ::Bool, ::Core.Compiler.Params) at ./compiler/typeinfer.jl:511
 [36] code_typed(::Any, ::Any; optimize::Bool, debuginfo::Symbol, world::UInt64, params::Core.Compiler.Params) at ./reflection.jl:1117
 [37] run_type_inference at /data/artem/stability/repo/Stability/src/Stability.jl:61 [inlined]
 [38] module_stats(::Module, ::IOStream) at /data/artem/stability/repo/Stability/src/Stability.jl:248
 [39] (::var"#153#157")(::IOStream) at ./none:36
 [40] open(::var"#153#157", ::String, ::Vararg{String,N} where N; kwargs::Base.Iterators.Pairs{Union{},Union{},Tuple{},NamedTuple{(),Tuple{}}}) at ./io.jl:325
 [41] open(::Function, ::String, ::String) at /nix/store/bsvy9dc7095l5gxil5npqls6miqf0pfh-julia-1.5.4/lib/julia/sys.so:?
 [42] top-level scope at none:35
 [43] eval(::Module, ::Any) at /nix/store/bsvy9dc7095l5gxil5npqls6miqf0pfh-julia-1.5.4/lib/julia/sys.so:?
 [44] exec_options(::Base.JLOptions) at /nix/store/bsvy9dc7095l5gxil5npqls6miqf0pfh-julia-1.5.4/lib/julia/sys.so:?
 [45] _start() at /nix/store/bsvy9dc7095l5gxil5npqls6miqf0pfh-julia-1.5.4/lib/julia/sys.so:?
ERROR: type UnionAll has no field size
Stacktrace:
 [1] intrinsic_nothrow(::Core.IntrinsicFunction, ::Array{Any,1}) at /nix/store/bsvy9dc7095l5gxil5npqls6miqf0pfh-julia-1.5.4/lib/julia/sys.so:?
 [2] stmt_effect_free(::Any, ::Any, ::Core.Compiler.IRCode, ::Array{Any,1}) at /nix/store/bsvy9dc7095l5gxil5npqls6miqf0pfh-julia-1.5.4/lib/julia/sys.so:?
 [3] optimize(::Core.Compiler.OptimizationState, ::Any) at /nix/store/bsvy9dc7095l5gxil5npqls6miqf0pfh-julia-1.5.4/lib/julia/sys.so:?
 [4] typeinf(::Core.Compiler.InferenceState) at /nix/store/bsvy9dc7095l5gxil5npqls6miqf0pfh-julia-1.5.4/lib/julia/sys.so:?
 [5] typeinf_edge(::Method, ::Any, ::Core.SimpleVector, ::Core.Compiler.InferenceState) at /nix/store/bsvy9dc7095l5gxil5npqls6miqf0pfh-julia-1.5.4/lib/julia/sys.so:?
 [6] abstract_call_method(::Method, ::Any, ::Core.SimpleVector, ::Bool, ::Core.Compiler.InferenceState) at /nix/store/bsvy9dc7095l5gxil5npqls6miqf0pfh-julia-1.5.4/lib/julia/sys.so:?
 [7] abstract_call_gf_by_type(::Any, ::Array{Any,1}, ::Any, ::Core.Compiler.InferenceState, ::Int64) at /nix/store/bsvy9dc7095l5gxil5npqls6miqf0pfh-julia-1.5.4/lib/julia/sys.so:?
 [8] abstract_call_known(::Any, ::Array{Any,1}, ::Array{Any,1}, ::Array{Any,1}, ::Core.Compiler.InferenceState, ::Int64) at /nix/store/bsvy9dc7095l5gxil5npqls6miqf0pfh-julia-1.5.4/lib/julia/sys.so:?
 [9] abstract_call(::Array{Any,1}, ::Array{Any,1}, ::Array{Any,1}, ::Core.Compiler.InferenceState, ::Int64) at /nix/store/bsvy9dc7095l5gxil5npqls6miqf0pfh-julia-1.5.4/lib/julia/sys.so:? (repeats 2 times)
 [10] abstract_eval(::Any, ::Array{Any,1}, ::Core.Compiler.InferenceState) at /nix/store/bsvy9dc7095l5gxil5npqls6miqf0pfh-julia-1.5.4/lib/julia/sys.so:?
 [11] typeinf_local(::Core.Compiler.InferenceState) at /nix/store/bsvy9dc7095l5gxil5npqls6miqf0pfh-julia-1.5.4/lib/julia/sys.so:?
 [12] typeinf_nocycle(::Core.Compiler.InferenceState) at /nix/store/bsvy9dc7095l5gxil5npqls6miqf0pfh-julia-1.5.4/lib/julia/sys.so:?
 [13] typeinf(::Core.Compiler.InferenceState) at /nix/store/bsvy9dc7095l5gxil5npqls6miqf0pfh-julia-1.5.4/lib/julia/sys.so:?
 [14] typeinf_edge(::Method, ::Any, ::Core.SimpleVector, ::Core.Compiler.InferenceState) at /nix/store/bsvy9dc7095l5gxil5npqls6miqf0pfh-julia-1.5.4/lib/julia/sys.so:?
 [15] abstract_call_method(::Method, ::Any, ::Core.SimpleVector, ::Bool, ::Core.Compiler.InferenceState) at /nix/store/bsvy9dc7095l5gxil5npqls6miqf0pfh-julia-1.5.4/lib/julia/sys.so:?
 [16] abstract_call_gf_by_type(::Any, ::Array{Any,1}, ::Any, ::Core.Compiler.InferenceState, ::Int64) at /nix/store/bsvy9dc7095l5gxil5npqls6miqf0pfh-julia-1.5.4/lib/julia/sys.so:?
 [17] abstract_call_known(::Any, ::Nothing, ::Array{Any,1}, ::Array{Any,1}, ::Core.Compiler.InferenceState, ::Int64) at /nix/store/bsvy9dc7095l5gxil5npqls6miqf0pfh-julia-1.5.4/lib/julia/sys.so:?
 [18] abstract_call(::Nothing, ::Array{Any,1}, ::Array{Any,1}, ::Core.Compiler.InferenceState, ::Int64) at /nix/store/bsvy9dc7095l5gxil5npqls6miqf0pfh-julia-1.5.4/lib/julia/sys.so:?
 [19] abstract_apply(::Any, ::Any, ::Array{Any,1}, ::Array{Any,1}, ::Core.Compiler.InferenceState, ::Int64) at /nix/store/bsvy9dc7095l5gxil5npqls6miqf0pfh-julia-1.5.4/lib/julia/sys.so:?
 [20] abstract_call_known(::Any, ::Array{Any,1}, ::Array{Any,1}, ::Array{Any,1}, ::Core.Compiler.InferenceState, ::Int64) at /nix/store/bsvy9dc7095l5gxil5npqls6miqf0pfh-julia-1.5.4/lib/julia/sys.so:?
 [21] abstract_call(::Array{Any,1}, ::Array{Any,1}, ::Array{Any,1}, ::Core.Compiler.InferenceState, ::Int64) at /nix/store/bsvy9dc7095l5gxil5npqls6miqf0pfh-julia-1.5.4/lib/julia/sys.so:? (repeats 2 times)
 [22] abstract_eval(::Any, ::Array{Any,1}, ::Core.Compiler.InferenceState) at /nix/store/bsvy9dc7095l5gxil5npqls6miqf0pfh-julia-1.5.4/lib/julia/sys.so:?
 [23] typeinf_local(::Core.Compiler.InferenceState) at /nix/store/bsvy9dc7095l5gxil5npqls6miqf0pfh-julia-1.5.4/lib/julia/sys.so:?
 [24] typeinf_nocycle(::Core.Compiler.InferenceState) at /nix/store/bsvy9dc7095l5gxil5npqls6miqf0pfh-julia-1.5.4/lib/julia/sys.so:?
 [25] typeinf(::Core.Compiler.InferenceState) at /nix/store/bsvy9dc7095l5gxil5npqls6miqf0pfh-julia-1.5.4/lib/julia/sys.so:?
 [26] typeinf_edge(::Method, ::Any, ::Core.SimpleVector, ::Core.Compiler.InferenceState) at /nix/store/bsvy9dc7095l5gxil5npqls6miqf0pfh-julia-1.5.4/lib/julia/sys.so:?
 [27] abstract_call_method(::Method, ::Any, ::Core.SimpleVector, ::Bool, ::Core.Compiler.InferenceState) at /nix/store/bsvy9dc7095l5gxil5npqls6miqf0pfh-julia-1.5.4/lib/julia/sys.so:?
 [28] abstract_call_gf_by_type(::Any, ::Array{Any,1}, ::Any, ::Core.Compiler.InferenceState, ::Int64) at /nix/store/bsvy9dc7095l5gxil5npqls6miqf0pfh-julia-1.5.4/lib/julia/sys.so:?
 [29] abstract_call_known(::Any, ::Array{Any,1}, ::Array{Any,1}, ::Array{Any,1}, ::Core.Compiler.InferenceState, ::Int64) at /nix/store/bsvy9dc7095l5gxil5npqls6miqf0pfh-julia-1.5.4/lib/julia/sys.so:?
 [30] abstract_call(::Array{Any,1}, ::Array{Any,1}, ::Array{Any,1}, ::Core.Compiler.InferenceState, ::Int64) at /nix/store/bsvy9dc7095l5gxil5npqls6miqf0pfh-julia-1.5.4/lib/julia/sys.so:? (repeats 2 times)
 [31] abstract_eval(::Any, ::Array{Any,1}, ::Core.Compiler.InferenceState) at /nix/store/bsvy9dc7095l5gxil5npqls6miqf0pfh-julia-1.5.4/lib/julia/sys.so:?
 [32] typeinf_local(::Core.Compiler.InferenceState) at /nix/store/bsvy9dc7095l5gxil5npqls6miqf0pfh-julia-1.5.4/lib/julia/sys.so:?
 [33] typeinf_nocycle(::Core.Compiler.InferenceState) at /nix/store/bsvy9dc7095l5gxil5npqls6miqf0pfh-julia-1.5.4/lib/julia/sys.so:?
 [34] typeinf(::Core.Compiler.InferenceState) at /nix/store/bsvy9dc7095l5gxil5npqls6miqf0pfh-julia-1.5.4/lib/julia/sys.so:?
 [35] typeinf_code(::Method, ::Any, ::Core.SimpleVector, ::Bool, ::Core.Compiler.Params) at ./compiler/typeinfer.jl:511
 [36] code_typed(::Any, ::Any; optimize::Bool, debuginfo::Symbol, world::UInt64, params::Core.Compiler.Params) at ./reflection.jl:1117
 [37] run_type_inference at /data/artem/stability/repo/Stability/src/Stability.jl:61 [inlined]
 [38] module_stats(::Module, ::IOStream) at /data/artem/stability/repo/Stability/src/Stability.jl:248
 [39] (::var"#153#157")(::IOStream) at ./none:36
 [40] open(::var"#153#157", ::String, ::Vararg{String,N} where N; kwargs::Base.Iterators.Pairs{Union{},Union{},Tuple{},NamedTuple{(),Tuple{}}}) at ./io.jl:325
 [41] open(::Function, ::String, ::String) at /nix/store/bsvy9dc7095l5gxil5npqls6miqf0pfh-julia-1.5.4/lib/julia/sys.so:?
 [42] top-level scope at none:35
 [43] eval(::Module, ::Any) at /nix/store/bsvy9dc7095l5gxil5npqls6miqf0pfh-julia-1.5.4/lib/julia/sys.so:?
 [44] exec_options(::Base.JLOptions) at /nix/store/bsvy9dc7095l5gxil5npqls6miqf0pfh-julia-1.5.4/lib/julia/sys.so:?
 [45] _start() at /nix/store/bsvy9dc7095l5gxil5npqls6miqf0pfh-julia-1.5.4/lib/julia/sys.so:?
ERROR: type UnionAll has no field size
Stacktrace:
 [1] intrinsic_nothrow(::Core.IntrinsicFunction, ::Array{Any,1}) at /nix/store/bsvy9dc7095l5gxil5npqls6miqf0pfh-julia-1.5.4/lib/julia/sys.so:?
 [2] stmt_effect_free(::Any, ::Any, ::Core.Compiler.IRCode, ::Array{Any,1}) at /nix/store/bsvy9dc7095l5gxil5npqls6miqf0pfh-julia-1.5.4/lib/julia/sys.so:?
 [3] optimize(::Core.Compiler.OptimizationState, ::Any) at /nix/store/bsvy9dc7095l5gxil5npqls6miqf0pfh-julia-1.5.4/lib/julia/sys.so:?
 [4] typeinf(::Core.Compiler.InferenceState) at /nix/store/bsvy9dc7095l5gxil5npqls6miqf0pfh-julia-1.5.4/lib/julia/sys.so:?
 [5] typeinf_edge(::Method, ::Any, ::Core.SimpleVector, ::Core.Compiler.InferenceState) at /nix/store/bsvy9dc7095l5gxil5npqls6miqf0pfh-julia-1.5.4/lib/julia/sys.so:?
 [6] abstract_call_method(::Method, ::Any, ::Core.SimpleVector, ::Bool, ::Core.Compiler.InferenceState) at /nix/store/bsvy9dc7095l5gxil5npqls6miqf0pfh-julia-1.5.4/lib/julia/sys.so:?
 [7] abstract_call_gf_by_type(::Any, ::Array{Any,1}, ::Any, ::Core.Compiler.InferenceState, ::Int64) at /nix/store/bsvy9dc7095l5gxil5npqls6miqf0pfh-julia-1.5.4/lib/julia/sys.so:?
 [8] abstract_call_known(::Any, ::Array{Any,1}, ::Array{Any,1}, ::Array{Any,1}, ::Core.Compiler.InferenceState, ::Int64) at /nix/store/bsvy9dc7095l5gxil5npqls6miqf0pfh-julia-1.5.4/lib/julia/sys.so:?
 [9] abstract_call(::Array{Any,1}, ::Array{Any,1}, ::Array{Any,1}, ::Core.Compiler.InferenceState, ::Int64) at /nix/store/bsvy9dc7095l5gxil5npqls6miqf0pfh-julia-1.5.4/lib/julia/sys.so:? (repeats 2 times)
 [10] abstract_eval(::Any, ::Array{Any,1}, ::Core.Compiler.InferenceState) at /nix/store/bsvy9dc7095l5gxil5npqls6miqf0pfh-julia-1.5.4/lib/julia/sys.so:?
 [11] typeinf_local(::Core.Compiler.InferenceState) at /nix/store/bsvy9dc7095l5gxil5npqls6miqf0pfh-julia-1.5.4/lib/julia/sys.so:?
 [12] typeinf_nocycle(::Core.Compiler.InferenceState) at /nix/store/bsvy9dc7095l5gxil5npqls6miqf0pfh-julia-1.5.4/lib/julia/sys.so:?
 [13] typeinf(::Core.Compiler.InferenceState) at /nix/store/bsvy9dc7095l5gxil5npqls6miqf0pfh-julia-1.5.4/lib/julia/sys.so:?
 [14] typeinf_edge(::Method, ::Any, ::Core.SimpleVector, ::Core.Compiler.InferenceState) at /nix/store/bsvy9dc7095l5gxil5npqls6miqf0pfh-julia-1.5.4/lib/julia/sys.so:?
 [15] abstract_call_method(::Method, ::Any, ::Core.SimpleVector, ::Bool, ::Core.Compiler.InferenceState) at /nix/store/bsvy9dc7095l5gxil5npqls6miqf0pfh-julia-1.5.4/lib/julia/sys.so:?
 [16] abstract_call_gf_by_type(::Any, ::Array{Any,1}, ::Any, ::Core.Compiler.InferenceState, ::Int64) at /nix/store/bsvy9dc7095l5gxil5npqls6miqf0pfh-julia-1.5.4/lib/julia/sys.so:?
 [17] abstract_call_known(::Any, ::Nothing, ::Array{Any,1}, ::Array{Any,1}, ::Core.Compiler.InferenceState, ::Int64) at /nix/store/bsvy9dc7095l5gxil5npqls6miqf0pfh-julia-1.5.4/lib/julia/sys.so:?
 [18] abstract_call(::Nothing, ::Array{Any,1}, ::Array{Any,1}, ::Core.Compiler.InferenceState, ::Int64) at /nix/store/bsvy9dc7095l5gxil5npqls6miqf0pfh-julia-1.5.4/lib/julia/sys.so:?
 [19] abstract_apply(::Any, ::Any, ::Array{Any,1}, ::Array{Any,1}, ::Core.Compiler.InferenceState, ::Int64) at /nix/store/bsvy9dc7095l5gxil5npqls6miqf0pfh-julia-1.5.4/lib/julia/sys.so:?
 [20] abstract_call_known(::Any, ::Array{Any,1}, ::Array{Any,1}, ::Array{Any,1}, ::Core.Compiler.InferenceState, ::Int64) at /nix/store/bsvy9dc7095l5gxil5npqls6miqf0pfh-julia-1.5.4/lib/julia/sys.so:?
 [21] abstract_call(::Array{Any,1}, ::Array{Any,1}, ::Array{Any,1}, ::Core.Compiler.InferenceState, ::Int64) at /nix/store/bsvy9dc7095l5gxil5npqls6miqf0pfh-julia-1.5.4/lib/julia/sys.so:? (repeats 2 times)
 [22] abstract_eval(::Any, ::Array{Any,1}, ::Core.Compiler.InferenceState) at /nix/store/bsvy9dc7095l5gxil5npqls6miqf0pfh-julia-1.5.4/lib/julia/sys.so:?
 [23] typeinf_local(::Core.Compiler.InferenceState) at /nix/store/bsvy9dc7095l5gxil5npqls6miqf0pfh-julia-1.5.4/lib/julia/sys.so:?
 [24] typeinf_nocycle(::Core.Compiler.InferenceState) at /nix/store/bsvy9dc7095l5gxil5npqls6miqf0pfh-julia-1.5.4/lib/julia/sys.so:?
 [25] typeinf(::Core.Compiler.InferenceState) at /nix/store/bsvy9dc7095l5gxil5npqls6miqf0pfh-julia-1.5.4/lib/julia/sys.so:?
 [26] typeinf_edge(::Method, ::Any, ::Core.SimpleVector, ::Core.Compiler.InferenceState) at /nix/store/bsvy9dc7095l5gxil5npqls6miqf0pfh-julia-1.5.4/lib/julia/sys.so:?
 [27] abstract_call_method(::Method, ::Any, ::Core.SimpleVector, ::Bool, ::Core.Compiler.InferenceState) at /nix/store/bsvy9dc7095l5gxil5npqls6miqf0pfh-julia-1.5.4/lib/julia/sys.so:?
 [28] abstract_call_gf_by_type(::Any, ::Array{Any,1}, ::Any, ::Core.Compiler.InferenceState, ::Int64) at /nix/store/bsvy9dc7095l5gxil5npqls6miqf0pfh-julia-1.5.4/lib/julia/sys.so:?
 [29] abstract_call_known(::Any, ::Array{Any,1}, ::Array{Any,1}, ::Array{Any,1}, ::Core.Compiler.InferenceState, ::Int64) at /nix/store/bsvy9dc7095l5gxil5npqls6miqf0pfh-julia-1.5.4/lib/julia/sys.so:?
 [30] abstract_call(::Array{Any,1}, ::Array{Any,1}, ::Array{Any,1}, ::Core.Compiler.InferenceState, ::Int64) at /nix/store/bsvy9dc7095l5gxil5npqls6miqf0pfh-julia-1.5.4/lib/julia/sys.so:? (repeats 2 times)
 [31] abstract_eval(::Any, ::Array{Any,1}, ::Core.Compiler.InferenceState) at /nix/store/bsvy9dc7095l5gxil5npqls6miqf0pfh-julia-1.5.4/lib/julia/sys.so:?
 [32] typeinf_local(::Core.Compiler.InferenceState) at /nix/store/bsvy9dc7095l5gxil5npqls6miqf0pfh-julia-1.5.4/lib/julia/sys.so:?
 [33] typeinf_nocycle(::Core.Compiler.InferenceState) at /nix/store/bsvy9dc7095l5gxil5npqls6miqf0pfh-julia-1.5.4/lib/julia/sys.so:?
 [34] typeinf(::Core.Compiler.InferenceState) at /nix/store/bsvy9dc7095l5gxil5npqls6miqf0pfh-julia-1.5.4/lib/julia/sys.so:?
 [35] typeinf_code(::Method, ::Any, ::Core.SimpleVector, ::Bool, ::Core.Compiler.Params) at ./compiler/typeinfer.jl:511
 [36] code_typed(::Any, ::Any; optimize::Bool, debuginfo::Symbol, world::UInt64, params::Core.Compiler.Params) at ./reflection.jl:1117
 [37] run_type_inference at /data/artem/stability/repo/Stability/src/Stability.jl:61 [inlined]
 [38] module_stats(::Module, ::IOStream) at /data/artem/stability/repo/Stability/src/Stability.jl:248
 [39] (::var"#153#157")(::IOStream) at ./none:36
 [40] open(::var"#153#157", ::String, ::Vararg{String,N} where N; kwargs::Base.Iterators.Pairs{Union{},Union{},Tuple{},NamedTuple{(),Tuple{}}}) at ./io.jl:325
 [41] open(::Function, ::String, ::String) at /nix/store/bsvy9dc7095l5gxil5npqls6miqf0pfh-julia-1.5.4/lib/julia/sys.so:?
 [42] top-level scope at none:35
 [43] eval(::Module, ::Any) at /nix/store/bsvy9dc7095l5gxil5npqls6miqf0pfh-julia-1.5.4/lib/julia/sys.so:?
 [44] exec_options(::Base.JLOptions) at /nix/store/bsvy9dc7095l5gxil5npqls6miqf0pfh-julia-1.5.4/lib/julia/sys.so:?
 [45] _start() at /nix/store/bsvy9dc7095l5gxil5npqls6miqf0pfh-julia-1.5.4/lib/julia/sys.so:?
ERROR: type UnionAll has no field size
Stacktrace:
 [1] intrinsic_nothrow(::Core.IntrinsicFunction, ::Array{Any,1}) at /nix/store/bsvy9dc7095l5gxil5npqls6miqf0pfh-julia-1.5.4/lib/julia/sys.so:?
 [2] stmt_effect_free(::Any, ::Any, ::Core.Compiler.IRCode, ::Array{Any,1}) at /nix/store/bsvy9dc7095l5gxil5npqls6miqf0pfh-julia-1.5.4/lib/julia/sys.so:?
 [3] optimize(::Core.Compiler.OptimizationState, ::Any) at /nix/store/bsvy9dc7095l5gxil5npqls6miqf0pfh-julia-1.5.4/lib/julia/sys.so:?
 [4] typeinf(::Core.Compiler.InferenceState) at /nix/store/bsvy9dc7095l5gxil5npqls6miqf0pfh-julia-1.5.4/lib/julia/sys.so:?
 [5] typeinf_edge(::Method, ::Any, ::Core.SimpleVector, ::Core.Compiler.InferenceState) at /nix/store/bsvy9dc7095l5gxil5npqls6miqf0pfh-julia-1.5.4/lib/julia/sys.so:?
 [6] abstract_call_method(::Method, ::Any, ::Core.SimpleVector, ::Bool, ::Core.Compiler.InferenceState) at /nix/store/bsvy9dc7095l5gxil5npqls6miqf0pfh-julia-1.5.4/lib/julia/sys.so:?
 [7] abstract_call_gf_by_type(::Any, ::Array{Any,1}, ::Any, ::Core.Compiler.InferenceState, ::Int64) at /nix/store/bsvy9dc7095l5gxil5npqls6miqf0pfh-julia-1.5.4/lib/julia/sys.so:?
 [8] abstract_call_known(::Any, ::Array{Any,1}, ::Array{Any,1}, ::Array{Any,1}, ::Core.Compiler.InferenceState, ::Int64) at /nix/store/bsvy9dc7095l5gxil5npqls6miqf0pfh-julia-1.5.4/lib/julia/sys.so:?
 [9] abstract_call(::Array{Any,1}, ::Array{Any,1}, ::Array{Any,1}, ::Core.Compiler.InferenceState, ::Int64) at /nix/store/bsvy9dc7095l5gxil5npqls6miqf0pfh-julia-1.5.4/lib/julia/sys.so:? (repeats 2 times)
 [10] abstract_eval(::Any, ::Array{Any,1}, ::Core.Compiler.InferenceState) at /nix/store/bsvy9dc7095l5gxil5npqls6miqf0pfh-julia-1.5.4/lib/julia/sys.so:?
 [11] typeinf_local(::Core.Compiler.InferenceState) at /nix/store/bsvy9dc7095l5gxil5npqls6miqf0pfh-julia-1.5.4/lib/julia/sys.so:?
 [12] typeinf_nocycle(::Core.Compiler.InferenceState) at /nix/store/bsvy9dc7095l5gxil5npqls6miqf0pfh-julia-1.5.4/lib/julia/sys.so:?
 [13] typeinf(::Core.Compiler.InferenceState) at /nix/store/bsvy9dc7095l5gxil5npqls6miqf0pfh-julia-1.5.4/lib/julia/sys.so:?
 [14] typeinf_edge(::Method, ::Any, ::Core.SimpleVector, ::Core.Compiler.InferenceState) at /nix/store/bsvy9dc7095l5gxil5npqls6miqf0pfh-julia-1.5.4/lib/julia/sys.so:?
 [15] abstract_call_method(::Method, ::Any, ::Core.SimpleVector, ::Bool, ::Core.Compiler.InferenceState) at /nix/store/bsvy9dc7095l5gxil5npqls6miqf0pfh-julia-1.5.4/lib/julia/sys.so:?
 [16] abstract_call_gf_by_type(::Any, ::Array{Any,1}, ::Any, ::Core.Compiler.InferenceState, ::Int64) at /nix/store/bsvy9dc7095l5gxil5npqls6miqf0pfh-julia-1.5.4/lib/julia/sys.so:?
 [17] abstract_call_known(::Any, ::Nothing, ::Array{Any,1}, ::Array{Any,1}, ::Core.Compiler.InferenceState, ::Int64) at /nix/store/bsvy9dc7095l5gxil5npqls6miqf0pfh-julia-1.5.4/lib/julia/sys.so:?
 [18] abstract_call(::Nothing, ::Array{Any,1}, ::Array{Any,1}, ::Core.Compiler.InferenceState, ::Int64) at /nix/store/bsvy9dc7095l5gxil5npqls6miqf0pfh-julia-1.5.4/lib/julia/sys.so:?
 [19] abstract_apply(::Any, ::Any, ::Array{Any,1}, ::Array{Any,1}, ::Core.Compiler.InferenceState, ::Int64) at /nix/store/bsvy9dc7095l5gxil5npqls6miqf0pfh-julia-1.5.4/lib/julia/sys.so:?
 [20] abstract_call_known(::Any, ::Array{Any,1}, ::Array{Any,1}, ::Array{Any,1}, ::Core.Compiler.InferenceState, ::Int64) at /nix/store/bsvy9dc7095l5gxil5npqls6miqf0pfh-julia-1.5.4/lib/julia/sys.so:?
 [21] abstract_call(::Array{Any,1}, ::Array{Any,1}, ::Array{Any,1}, ::Core.Compiler.InferenceState, ::Int64) at /nix/store/bsvy9dc7095l5gxil5npqls6miqf0pfh-julia-1.5.4/lib/julia/sys.so:? (repeats 2 times)
 [22] abstract_eval(::Any, ::Array{Any,1}, ::Core.Compiler.InferenceState) at /nix/store/bsvy9dc7095l5gxil5npqls6miqf0pfh-julia-1.5.4/lib/julia/sys.so:?
 [23] typeinf_local(::Core.Compiler.InferenceState) at /nix/store/bsvy9dc7095l5gxil5npqls6miqf0pfh-julia-1.5.4/lib/julia/sys.so:?
 [24] typeinf_nocycle(::Core.Compiler.InferenceState) at /nix/store/bsvy9dc7095l5gxil5npqls6miqf0pfh-julia-1.5.4/lib/julia/sys.so:?
 [25] typeinf(::Core.Compiler.InferenceState) at /nix/store/bsvy9dc7095l5gxil5npqls6miqf0pfh-julia-1.5.4/lib/julia/sys.so:?
 [26] typeinf_edge(::Method, ::Any, ::Core.SimpleVector, ::Core.Compiler.InferenceState) at /nix/store/bsvy9dc7095l5gxil5npqls6miqf0pfh-julia-1.5.4/lib/julia/sys.so:?
 [27] abstract_call_method(::Method, ::Any, ::Core.SimpleVector, ::Bool, ::Core.Compiler.InferenceState) at /nix/store/bsvy9dc7095l5gxil5npqls6miqf0pfh-julia-1.5.4/lib/julia/sys.so:?
 [28] abstract_call_gf_by_type(::Any, ::Array{Any,1}, ::Any, ::Core.Compiler.InferenceState, ::Int64) at /nix/store/bsvy9dc7095l5gxil5npqls6miqf0pfh-julia-1.5.4/lib/julia/sys.so:?
 [29] abstract_call_known(::Any, ::Array{Any,1}, ::Array{Any,1}, ::Array{Any,1}, ::Core.Compiler.InferenceState, ::Int64) at /nix/store/bsvy9dc7095l5gxil5npqls6miqf0pfh-julia-1.5.4/lib/julia/sys.so:?
 [30] abstract_call(::Array{Any,1}, ::Array{Any,1}, ::Array{Any,1}, ::Core.Compiler.InferenceState, ::Int64) at /nix/store/bsvy9dc7095l5gxil5npqls6miqf0pfh-julia-1.5.4/lib/julia/sys.so:? (repeats 2 times)
 [31] abstract_eval(::Any, ::Array{Any,1}, ::Core.Compiler.InferenceState) at /nix/store/bsvy9dc7095l5gxil5npqls6miqf0pfh-julia-1.5.4/lib/julia/sys.so:?
 [32] typeinf_local(::Core.Compiler.InferenceState) at /nix/store/bsvy9dc7095l5gxil5npqls6miqf0pfh-julia-1.5.4/lib/julia/sys.so:?
 [33] typeinf_nocycle(::Core.Compiler.InferenceState) at /nix/store/bsvy9dc7095l5gxil5npqls6miqf0pfh-julia-1.5.4/lib/julia/sys.so:?
 [34] typeinf(::Core.Compiler.InferenceState) at /nix/store/bsvy9dc7095l5gxil5npqls6miqf0pfh-julia-1.5.4/lib/julia/sys.so:?
 [35] typeinf_code(::Method, ::Any, ::Core.SimpleVector, ::Bool, ::Core.Compiler.Params) at ./compiler/typeinfer.jl:511
 [36] code_typed(::Any, ::Any; optimize::Bool, debuginfo::Symbol, world::UInt64, params::Core.Compiler.Params) at ./reflection.jl:1117
 [37] run_type_inference at /data/artem/stability/repo/Stability/src/Stability.jl:61 [inlined]
 [38] module_stats(::Module, ::IOStream) at /data/artem/stability/repo/Stability/src/Stability.jl:248
 [39] (::var"#153#157")(::IOStream) at ./none:36
 [40] open(::var"#153#157", ::String, ::Vararg{String,N} where N; kwargs::Base.Iterators.Pairs{Union{},Union{},Tuple{},NamedTuple{(),Tuple{}}}) at ./io.jl:325
 [41] open(::Function, ::String, ::String) at /nix/store/bsvy9dc7095l5gxil5npqls6miqf0pfh-julia-1.5.4/lib/julia/sys.so:?
 [42] top-level scope at none:35
 [43] eval(::Module, ::Any) at /nix/store/bsvy9dc7095l5gxil5npqls6miqf0pfh-julia-1.5.4/lib/julia/sys.so:?
 [44] exec_options(::Base.JLOptions) at /nix/store/bsvy9dc7095l5gxil5npqls6miqf0pfh-julia-1.5.4/lib/julia/sys.so:?
 [45] _start() at /nix/store/bsvy9dc7095l5gxil5npqls6miqf0pfh-julia-1.5.4/lib/julia/sys.so:?
ERROR: type UnionAll has no field size
Stacktrace:
 [1] intrinsic_nothrow(::Core.IntrinsicFunction, ::Array{Any,1}) at /nix/store/bsvy9dc7095l5gxil5npqls6miqf0pfh-julia-1.5.4/lib/julia/sys.so:?
 [2] stmt_effect_free(::Any, ::Any, ::Core.Compiler.IRCode, ::Array{Any,1}) at /nix/store/bsvy9dc7095l5gxil5npqls6miqf0pfh-julia-1.5.4/lib/julia/sys.so:?
 [3] optimize(::Core.Compiler.OptimizationState, ::Any) at /nix/store/bsvy9dc7095l5gxil5npqls6miqf0pfh-julia-1.5.4/lib/julia/sys.so:?
 [4] typeinf(::Core.Compiler.InferenceState) at /nix/store/bsvy9dc7095l5gxil5npqls6miqf0pfh-julia-1.5.4/lib/julia/sys.so:?
 [5] typeinf_edge(::Method, ::Any, ::Core.SimpleVector, ::Core.Compiler.InferenceState) at /nix/store/bsvy9dc7095l5gxil5npqls6miqf0pfh-julia-1.5.4/lib/julia/sys.so:?
 [6] abstract_call_method(::Method, ::Any, ::Core.SimpleVector, ::Bool, ::Core.Compiler.InferenceState) at /nix/store/bsvy9dc7095l5gxil5npqls6miqf0pfh-julia-1.5.4/lib/julia/sys.so:?
 [7] abstract_call_gf_by_type(::Any, ::Array{Any,1}, ::Any, ::Core.Compiler.InferenceState, ::Int64) at /nix/store/bsvy9dc7095l5gxil5npqls6miqf0pfh-julia-1.5.4/lib/julia/sys.so:?
 [8] abstract_call_known(::Any, ::Array{Any,1}, ::Array{Any,1}, ::Array{Any,1}, ::Core.Compiler.InferenceState, ::Int64) at /nix/store/bsvy9dc7095l5gxil5npqls6miqf0pfh-julia-1.5.4/lib/julia/sys.so:?
 [9] abstract_call(::Array{Any,1}, ::Array{Any,1}, ::Array{Any,1}, ::Core.Compiler.InferenceState, ::Int64) at /nix/store/bsvy9dc7095l5gxil5npqls6miqf0pfh-julia-1.5.4/lib/julia/sys.so:? (repeats 2 times)
 [10] abstract_eval(::Any, ::Array{Any,1}, ::Core.Compiler.InferenceState) at /nix/store/bsvy9dc7095l5gxil5npqls6miqf0pfh-julia-1.5.4/lib/julia/sys.so:?
 [11] typeinf_local(::Core.Compiler.InferenceState) at /nix/store/bsvy9dc7095l5gxil5npqls6miqf0pfh-julia-1.5.4/lib/julia/sys.so:?
 [12] typeinf_nocycle(::Core.Compiler.InferenceState) at /nix/store/bsvy9dc7095l5gxil5npqls6miqf0pfh-julia-1.5.4/lib/julia/sys.so:?
 [13] typeinf(::Core.Compiler.InferenceState) at /nix/store/bsvy9dc7095l5gxil5npqls6miqf0pfh-julia-1.5.4/lib/julia/sys.so:?
 [14] typeinf_edge(::Method, ::Any, ::Core.SimpleVector, ::Core.Compiler.InferenceState) at /nix/store/bsvy9dc7095l5gxil5npqls6miqf0pfh-julia-1.5.4/lib/julia/sys.so:?
 [15] abstract_call_method(::Method, ::Any, ::Core.SimpleVector, ::Bool, ::Core.Compiler.InferenceState) at /nix/store/bsvy9dc7095l5gxil5npqls6miqf0pfh-julia-1.5.4/lib/julia/sys.so:?
 [16] abstract_call_gf_by_type(::Any, ::Array{Any,1}, ::Any, ::Core.Compiler.InferenceState, ::Int64) at /nix/store/bsvy9dc7095l5gxil5npqls6miqf0pfh-julia-1.5.4/lib/julia/sys.so:?
 [17] abstract_call_known(::Any, ::Nothing, ::Array{Any,1}, ::Array{Any,1}, ::Core.Compiler.InferenceState, ::Int64) at /nix/store/bsvy9dc7095l5gxil5npqls6miqf0pfh-julia-1.5.4/lib/julia/sys.so:?
 [18] abstract_call(::Nothing, ::Array{Any,1}, ::Array{Any,1}, ::Core.Compiler.InferenceState, ::Int64) at /nix/store/bsvy9dc7095l5gxil5npqls6miqf0pfh-julia-1.5.4/lib/julia/sys.so:?
 [19] abstract_apply(::Any, ::Any, ::Array{Any,1}, ::Array{Any,1}, ::Core.Compiler.InferenceState, ::Int64) at /nix/store/bsvy9dc7095l5gxil5npqls6miqf0pfh-julia-1.5.4/lib/julia/sys.so:?
 [20] abstract_call_known(::Any, ::Array{Any,1}, ::Array{Any,1}, ::Array{Any,1}, ::Core.Compiler.InferenceState, ::Int64) at /nix/store/bsvy9dc7095l5gxil5npqls6miqf0pfh-julia-1.5.4/lib/julia/sys.so:?
 [21] abstract_call(::Array{Any,1}, ::Array{Any,1}, ::Array{Any,1}, ::Core.Compiler.InferenceState, ::Int64) at /nix/store/bsvy9dc7095l5gxil5npqls6miqf0pfh-julia-1.5.4/lib/julia/sys.so:? (repeats 2 times)
 [22] abstract_eval(::Any, ::Array{Any,1}, ::Core.Compiler.InferenceState) at /nix/store/bsvy9dc7095l5gxil5npqls6miqf0pfh-julia-1.5.4/lib/julia/sys.so:?
 [23] typeinf_local(::Core.Compiler.InferenceState) at /nix/store/bsvy9dc7095l5gxil5npqls6miqf0pfh-julia-1.5.4/lib/julia/sys.so:?
 [24] typeinf_nocycle(::Core.Compiler.InferenceState) at /nix/store/bsvy9dc7095l5gxil5npqls6miqf0pfh-julia-1.5.4/lib/julia/sys.so:?
 [25] typeinf(::Core.Compiler.InferenceState) at /nix/store/bsvy9dc7095l5gxil5npqls6miqf0pfh-julia-1.5.4/lib/julia/sys.so:?
 [26] typeinf_edge(::Method, ::Any, ::Core.SimpleVector, ::Core.Compiler.InferenceState) at /nix/store/bsvy9dc7095l5gxil5npqls6miqf0pfh-julia-1.5.4/lib/julia/sys.so:?
 [27] abstract_call_method(::Method, ::Any, ::Core.SimpleVector, ::Bool, ::Core.Compiler.InferenceState) at /nix/store/bsvy9dc7095l5gxil5npqls6miqf0pfh-julia-1.5.4/lib/julia/sys.so:?
 [28] abstract_call_gf_by_type(::Any, ::Array{Any,1}, ::Any, ::Core.Compiler.InferenceState, ::Int64) at /nix/store/bsvy9dc7095l5gxil5npqls6miqf0pfh-julia-1.5.4/lib/julia/sys.so:?
 [29] abstract_call_known(::Any, ::Array{Any,1}, ::Array{Any,1}, ::Array{Any,1}, ::Core.Compiler.InferenceState, ::Int64) at /nix/store/bsvy9dc7095l5gxil5npqls6miqf0pfh-julia-1.5.4/lib/julia/sys.so:?
 [30] abstract_call(::Array{Any,1}, ::Array{Any,1}, ::Array{Any,1}, ::Core.Compiler.InferenceState, ::Int64) at /nix/store/bsvy9dc7095l5gxil5npqls6miqf0pfh-julia-1.5.4/lib/julia/sys.so:? (repeats 2 times)
 [31] abstract_eval(::Any, ::Array{Any,1}, ::Core.Compiler.InferenceState) at /nix/store/bsvy9dc7095l5gxil5npqls6miqf0pfh-julia-1.5.4/lib/julia/sys.so:?
 [32] typeinf_local(::Core.Compiler.InferenceState) at /nix/store/bsvy9dc7095l5gxil5npqls6miqf0pfh-julia-1.5.4/lib/julia/sys.so:?
 [33] typeinf_nocycle(::Core.Compiler.InferenceState) at /nix/store/bsvy9dc7095l5gxil5npqls6miqf0pfh-julia-1.5.4/lib/julia/sys.so:?
 [34] typeinf(::Core.Compiler.InferenceState) at /nix/store/bsvy9dc7095l5gxil5npqls6miqf0pfh-julia-1.5.4/lib/julia/sys.so:?
 [35] typeinf_code(::Method, ::Any, ::Core.SimpleVector, ::Bool, ::Core.Compiler.Params) at ./compiler/typeinfer.jl:511
 [36] code_typed(::Any, ::Any; optimize::Bool, debuginfo::Symbol, world::UInt64, params::Core.Compiler.Params) at ./reflection.jl:1117
 [37] run_type_inference at /data/artem/stability/repo/Stability/src/Stability.jl:61 [inlined]
 [38] module_stats(::Module, ::IOStream) at /data/artem/stability/repo/Stability/src/Stability.jl:248
 [39] (::var"#153#157")(::IOStream) at ./none:36
 [40] open(::var"#153#157", ::String, ::Vararg{String,N} where N; kwargs::Base.Iterators.Pairs{Union{},Union{},Tuple{},NamedTuple{(),Tuple{}}}) at ./io.jl:325
 [41] open(::Function, ::String, ::String) at /nix/store/bsvy9dc7095l5gxil5npqls6miqf0pfh-julia-1.5.4/lib/julia/sys.so:?
 [42] top-level scope at none:35
 [43] eval(::Module, ::Any) at /nix/store/bsvy9dc7095l5gxil5npqls6miqf0pfh-julia-1.5.4/lib/julia/sys.so:?
 [44] exec_options(::Base.JLOptions) at /nix/store/bsvy9dc7095l5gxil5npqls6miqf0pfh-julia-1.5.4/lib/julia/sys.so:?
 [45] _start() at /nix/store/bsvy9dc7095l5gxil5npqls6miqf0pfh-julia-1.5.4/lib/julia/sys.so:?
ERROR: type UnionAll has no field size
Stacktrace:
 [1] intrinsic_nothrow(::Core.IntrinsicFunction, ::Array{Any,1}) at /nix/store/bsvy9dc7095l5gxil5npqls6miqf0pfh-julia-1.5.4/lib/julia/sys.so:?
 [2] stmt_effect_free(::Any, ::Any, ::Core.Compiler.IRCode, ::Array{Any,1}) at /nix/store/bsvy9dc7095l5gxil5npqls6miqf0pfh-julia-1.5.4/lib/julia/sys.so:?
 [3] optimize(::Core.Compiler.OptimizationState, ::Any) at /nix/store/bsvy9dc7095l5gxil5npqls6miqf0pfh-julia-1.5.4/lib/julia/sys.so:?
 [4] typeinf(::Core.Compiler.InferenceState) at /nix/store/bsvy9dc7095l5gxil5npqls6miqf0pfh-julia-1.5.4/lib/julia/sys.so:?
 [5] typeinf_edge(::Method, ::Any, ::Core.SimpleVector, ::Core.Compiler.InferenceState) at /nix/store/bsvy9dc7095l5gxil5npqls6miqf0pfh-julia-1.5.4/lib/julia/sys.so:?
 [6] abstract_call_method(::Method, ::Any, ::Core.SimpleVector, ::Bool, ::Core.Compiler.InferenceState) at /nix/store/bsvy9dc7095l5gxil5npqls6miqf0pfh-julia-1.5.4/lib/julia/sys.so:?
 [7] abstract_call_gf_by_type(::Any, ::Array{Any,1}, ::Any, ::Core.Compiler.InferenceState, ::Int64) at /nix/store/bsvy9dc7095l5gxil5npqls6miqf0pfh-julia-1.5.4/lib/julia/sys.so:?
 [8] abstract_call_known(::Any, ::Array{Any,1}, ::Array{Any,1}, ::Array{Any,1}, ::Core.Compiler.InferenceState, ::Int64) at /nix/store/bsvy9dc7095l5gxil5npqls6miqf0pfh-julia-1.5.4/lib/julia/sys.so:?
 [9] abstract_call(::Array{Any,1}, ::Array{Any,1}, ::Array{Any,1}, ::Core.Compiler.InferenceState, ::Int64) at /nix/store/bsvy9dc7095l5gxil5npqls6miqf0pfh-julia-1.5.4/lib/julia/sys.so:? (repeats 2 times)
 [10] abstract_eval(::Any, ::Array{Any,1}, ::Core.Compiler.InferenceState) at /nix/store/bsvy9dc7095l5gxil5npqls6miqf0pfh-julia-1.5.4/lib/julia/sys.so:?
 [11] typeinf_local(::Core.Compiler.InferenceState) at /nix/store/bsvy9dc7095l5gxil5npqls6miqf0pfh-julia-1.5.4/lib/julia/sys.so:?
 [12] typeinf_nocycle(::Core.Compiler.InferenceState) at /nix/store/bsvy9dc7095l5gxil5npqls6miqf0pfh-julia-1.5.4/lib/julia/sys.so:?
 [13] typeinf(::Core.Compiler.InferenceState) at /nix/store/bsvy9dc7095l5gxil5npqls6miqf0pfh-julia-1.5.4/lib/julia/sys.so:?
 [14] typeinf_edge(::Method, ::Any, ::Core.SimpleVector, ::Core.Compiler.InferenceState) at /nix/store/bsvy9dc7095l5gxil5npqls6miqf0pfh-julia-1.5.4/lib/julia/sys.so:?
 [15] abstract_call_method(::Method, ::Any, ::Core.SimpleVector, ::Bool, ::Core.Compiler.InferenceState) at /nix/store/bsvy9dc7095l5gxil5npqls6miqf0pfh-julia-1.5.4/lib/julia/sys.so:?
 [16] abstract_call_gf_by_type(::Any, ::Array{Any,1}, ::Any, ::Core.Compiler.InferenceState, ::Int64) at /nix/store/bsvy9dc7095l5gxil5npqls6miqf0pfh-julia-1.5.4/lib/julia/sys.so:?
 [17] abstract_call_known(::Any, ::Nothing, ::Array{Any,1}, ::Array{Any,1}, ::Core.Compiler.InferenceState, ::Int64) at /nix/store/bsvy9dc7095l5gxil5npqls6miqf0pfh-julia-1.5.4/lib/julia/sys.so:?
 [18] abstract_call(::Nothing, ::Array{Any,1}, ::Array{Any,1}, ::Core.Compiler.InferenceState, ::Int64) at /nix/store/bsvy9dc7095l5gxil5npqls6miqf0pfh-julia-1.5.4/lib/julia/sys.so:?
 [19] abstract_apply(::Any, ::Any, ::Array{Any,1}, ::Array{Any,1}, ::Core.Compiler.InferenceState, ::Int64) at /nix/store/bsvy9dc7095l5gxil5npqls6miqf0pfh-julia-1.5.4/lib/julia/sys.so:?
 [20] abstract_call_known(::Any, ::Array{Any,1}, ::Array{Any,1}, ::Array{Any,1}, ::Core.Compiler.InferenceState, ::Int64) at /nix/store/bsvy9dc7095l5gxil5npqls6miqf0pfh-julia-1.5.4/lib/julia/sys.so:?
 [21] abstract_call(::Array{Any,1}, ::Array{Any,1}, ::Array{Any,1}, ::Core.Compiler.InferenceState, ::Int64) at /nix/store/bsvy9dc7095l5gxil5npqls6miqf0pfh-julia-1.5.4/lib/julia/sys.so:? (repeats 2 times)
 [22] abstract_eval(::Any, ::Array{Any,1}, ::Core.Compiler.InferenceState) at /nix/store/bsvy9dc7095l5gxil5npqls6miqf0pfh-julia-1.5.4/lib/julia/sys.so:?
 [23] typeinf_local(::Core.Compiler.InferenceState) at /nix/store/bsvy9dc7095l5gxil5npqls6miqf0pfh-julia-1.5.4/lib/julia/sys.so:?
 [24] typeinf_nocycle(::Core.Compiler.InferenceState) at /nix/store/bsvy9dc7095l5gxil5npqls6miqf0pfh-julia-1.5.4/lib/julia/sys.so:?
 [25] typeinf(::Core.Compiler.InferenceState) at /nix/store/bsvy9dc7095l5gxil5npqls6miqf0pfh-julia-1.5.4/lib/julia/sys.so:?
 [26] typeinf_edge(::Method, ::Any, ::Core.SimpleVector, ::Core.Compiler.InferenceState) at /nix/store/bsvy9dc7095l5gxil5npqls6miqf0pfh-julia-1.5.4/lib/julia/sys.so:?
 [27] abstract_call_method(::Method, ::Any, ::Core.SimpleVector, ::Bool, ::Core.Compiler.InferenceState) at /nix/store/bsvy9dc7095l5gxil5npqls6miqf0pfh-julia-1.5.4/lib/julia/sys.so:?
 [28] abstract_call_gf_by_type(::Any, ::Array{Any,1}, ::Any, ::Core.Compiler.InferenceState, ::Int64) at /nix/store/bsvy9dc7095l5gxil5npqls6miqf0pfh-julia-1.5.4/lib/julia/sys.so:?
 [29] abstract_call_known(::Any, ::Array{Any,1}, ::Array{Any,1}, ::Array{Any,1}, ::Core.Compiler.InferenceState, ::Int64) at /nix/store/bsvy9dc7095l5gxil5npqls6miqf0pfh-julia-1.5.4/lib/julia/sys.so:?
 [30] abstract_call(::Array{Any,1}, ::Array{Any,1}, ::Array{Any,1}, ::Core.Compiler.InferenceState, ::Int64) at /nix/store/bsvy9dc7095l5gxil5npqls6miqf0pfh-julia-1.5.4/lib/julia/sys.so:? (repeats 2 times)
 [31] abstract_eval(::Any, ::Array{Any,1}, ::Core.Compiler.InferenceState) at /nix/store/bsvy9dc7095l5gxil5npqls6miqf0pfh-julia-1.5.4/lib/julia/sys.so:?
 [32] typeinf_local(::Core.Compiler.InferenceState) at /nix/store/bsvy9dc7095l5gxil5npqls6miqf0pfh-julia-1.5.4/lib/julia/sys.so:?
 [33] typeinf_nocycle(::Core.Compiler.InferenceState) at /nix/store/bsvy9dc7095l5gxil5npqls6miqf0pfh-julia-1.5.4/lib/julia/sys.so:?
 [34] typeinf(::Core.Compiler.InferenceState) at /nix/store/bsvy9dc7095l5gxil5npqls6miqf0pfh-julia-1.5.4/lib/julia/sys.so:?
 [35] typeinf_code(::Method, ::Any, ::Core.SimpleVector, ::Bool, ::Core.Compiler.Params) at ./compiler/typeinfer.jl:511
 [36] code_typed(::Any, ::Any; optimize::Bool, debuginfo::Symbol, world::UInt64, params::Core.Compiler.Params) at ./reflection.jl:1117
 [37] run_type_inference at /data/artem/stability/repo/Stability/src/Stability.jl:61 [inlined]
 [38] module_stats(::Module, ::IOStream) at /data/artem/stability/repo/Stability/src/Stability.jl:248
 [39] (::var"#153#157")(::IOStream) at ./none:36
 [40] open(::var"#153#157", ::String, ::Vararg{String,N} where N; kwargs::Base.Iterators.Pairs{Union{},Union{},Tuple{},NamedTuple{(),Tuple{}}}) at ./io.jl:325
 [41] open(::Function, ::String, ::String) at /nix/store/bsvy9dc7095l5gxil5npqls6miqf0pfh-julia-1.5.4/lib/julia/sys.so:?
 [42] top-level scope at none:35
 [43] eval(::Module, ::Any) at /nix/store/bsvy9dc7095l5gxil5npqls6miqf0pfh-julia-1.5.4/lib/julia/sys.so:?
 [44] exec_options(::Base.JLOptions) at /nix/store/bsvy9dc7095l5gxil5npqls6miqf0pfh-julia-1.5.4/lib/julia/sys.so:?
 [45] _start() at /nix/store/bsvy9dc7095l5gxil5npqls6miqf0pfh-julia-1.5.4/lib/julia/sys.so:?
ERROR: type UnionAll has no field size
Stacktrace:
 [1] intrinsic_nothrow(::Core.IntrinsicFunction, ::Array{Any,1}) at /nix/store/bsvy9dc7095l5gxil5npqls6miqf0pfh-julia-1.5.4/lib/julia/sys.so:?
 [2] stmt_effect_free(::Any, ::Any, ::Core.Compiler.IRCode, ::Array{Any,1}) at /nix/store/bsvy9dc7095l5gxil5npqls6miqf0pfh-julia-1.5.4/lib/julia/sys.so:?
 [3] optimize(::Core.Compiler.OptimizationState, ::Any) at /nix/store/bsvy9dc7095l5gxil5npqls6miqf0pfh-julia-1.5.4/lib/julia/sys.so:?
 [4] typeinf(::Core.Compiler.InferenceState) at /nix/store/bsvy9dc7095l5gxil5npqls6miqf0pfh-julia-1.5.4/lib/julia/sys.so:?
 [5] typeinf_edge(::Method, ::Any, ::Core.SimpleVector, ::Core.Compiler.InferenceState) at /nix/store/bsvy9dc7095l5gxil5npqls6miqf0pfh-julia-1.5.4/lib/julia/sys.so:?
 [6] abstract_call_method(::Method, ::Any, ::Core.SimpleVector, ::Bool, ::Core.Compiler.InferenceState) at /nix/store/bsvy9dc7095l5gxil5npqls6miqf0pfh-julia-1.5.4/lib/julia/sys.so:?
 [7] abstract_call_gf_by_type(::Any, ::Array{Any,1}, ::Any, ::Core.Compiler.InferenceState, ::Int64) at /nix/store/bsvy9dc7095l5gxil5npqls6miqf0pfh-julia-1.5.4/lib/julia/sys.so:?
 [8] abstract_call_known(::Any, ::Array{Any,1}, ::Array{Any,1}, ::Array{Any,1}, ::Core.Compiler.InferenceState, ::Int64) at /nix/store/bsvy9dc7095l5gxil5npqls6miqf0pfh-julia-1.5.4/lib/julia/sys.so:?
 [9] abstract_call(::Array{Any,1}, ::Array{Any,1}, ::Array{Any,1}, ::Core.Compiler.InferenceState, ::Int64) at /nix/store/bsvy9dc7095l5gxil5npqls6miqf0pfh-julia-1.5.4/lib/julia/sys.so:? (repeats 2 times)
 [10] abstract_eval(::Any, ::Array{Any,1}, ::Core.Compiler.InferenceState) at /nix/store/bsvy9dc7095l5gxil5npqls6miqf0pfh-julia-1.5.4/lib/julia/sys.so:?
 [11] typeinf_local(::Core.Compiler.InferenceState) at /nix/store/bsvy9dc7095l5gxil5npqls6miqf0pfh-julia-1.5.4/lib/julia/sys.so:?
 [12] typeinf_nocycle(::Core.Compiler.InferenceState) at /nix/store/bsvy9dc7095l5gxil5npqls6miqf0pfh-julia-1.5.4/lib/julia/sys.so:?
 [13] typeinf(::Core.Compiler.InferenceState) at /nix/store/bsvy9dc7095l5gxil5npqls6miqf0pfh-julia-1.5.4/lib/julia/sys.so:?
 [14] typeinf_edge(::Method, ::Any, ::Core.SimpleVector, ::Core.Compiler.InferenceState) at /nix/store/bsvy9dc7095l5gxil5npqls6miqf0pfh-julia-1.5.4/lib/julia/sys.so:?
 [15] abstract_call_method(::Method, ::Any, ::Core.SimpleVector, ::Bool, ::Core.Compiler.InferenceState) at /nix/store/bsvy9dc7095l5gxil5npqls6miqf0pfh-julia-1.5.4/lib/julia/sys.so:?
 [16] abstract_call_gf_by_type(::Any, ::Array{Any,1}, ::Any, ::Core.Compiler.InferenceState, ::Int64) at /nix/store/bsvy9dc7095l5gxil5npqls6miqf0pfh-julia-1.5.4/lib/julia/sys.so:?
 [17] abstract_call_known(::Any, ::Nothing, ::Array{Any,1}, ::Array{Any,1}, ::Core.Compiler.InferenceState, ::Int64) at /nix/store/bsvy9dc7095l5gxil5npqls6miqf0pfh-julia-1.5.4/lib/julia/sys.so:?
 [18] abstract_call(::Nothing, ::Array{Any,1}, ::Array{Any,1}, ::Core.Compiler.InferenceState, ::Int64) at /nix/store/bsvy9dc7095l5gxil5npqls6miqf0pfh-julia-1.5.4/lib/julia/sys.so:?
 [19] abstract_apply(::Any, ::Any, ::Array{Any,1}, ::Array{Any,1}, ::Core.Compiler.InferenceState, ::Int64) at /nix/store/bsvy9dc7095l5gxil5npqls6miqf0pfh-julia-1.5.4/lib/julia/sys.so:?
 [20] abstract_call_known(::Any, ::Array{Any,1}, ::Array{Any,1}, ::Array{Any,1}, ::Core.Compiler.InferenceState, ::Int64) at /nix/store/bsvy9dc7095l5gxil5npqls6miqf0pfh-julia-1.5.4/lib/julia/sys.so:?
 [21] abstract_call(::Array{Any,1}, ::Array{Any,1}, ::Array{Any,1}, ::Core.Compiler.InferenceState, ::Int64) at /nix/store/bsvy9dc7095l5gxil5npqls6miqf0pfh-julia-1.5.4/lib/julia/sys.so:? (repeats 2 times)
 [22] abstract_eval(::Any, ::Array{Any,1}, ::Core.Compiler.InferenceState) at /nix/store/bsvy9dc7095l5gxil5npqls6miqf0pfh-julia-1.5.4/lib/julia/sys.so:?
 [23] typeinf_local(::Core.Compiler.InferenceState) at /nix/store/bsvy9dc7095l5gxil5npqls6miqf0pfh-julia-1.5.4/lib/julia/sys.so:?
 [24] typeinf_nocycle(::Core.Compiler.InferenceState) at /nix/store/bsvy9dc7095l5gxil5npqls6miqf0pfh-julia-1.5.4/lib/julia/sys.so:?
 [25] typeinf(::Core.Compiler.InferenceState) at /nix/store/bsvy9dc7095l5gxil5npqls6miqf0pfh-julia-1.5.4/lib/julia/sys.so:?
 [26] typeinf_code(::Method, ::Any, ::Core.SimpleVector, ::Bool, ::Core.Compiler.Params) at ./compiler/typeinfer.jl:511
 [27] code_typed(::Any, ::Any; optimize::Bool, debuginfo::Symbol, world::UInt64, params::Core.Compiler.Params) at ./reflection.jl:1117
 [28] run_type_inference at /data/artem/stability/repo/Stability/src/Stability.jl:61 [inlined]
 [29] module_stats(::Module, ::IOStream) at /data/artem/stability/repo/Stability/src/Stability.jl:248
 [30] (::var"#153#157")(::IOStream) at ./none:36
 [31] open(::var"#153#157", ::String, ::Vararg{String,N} where N; kwargs::Base.Iterators.Pairs{Union{},Union{},Tuple{},NamedTuple{(),Tuple{}}}) at ./io.jl:325
 [32] open(::Function, ::String, ::String) at /nix/store/bsvy9dc7095l5gxil5npqls6miqf0pfh-julia-1.5.4/lib/julia/sys.so:?
 [33] top-level scope at none:35
 [34] eval(::Module, ::Any) at /nix/store/bsvy9dc7095l5gxil5npqls6miqf0pfh-julia-1.5.4/lib/julia/sys.so:?
 [35] exec_options(::Base.JLOptions) at /nix/store/bsvy9dc7095l5gxil5npqls6miqf0pfh-julia-1.5.4/lib/julia/sys.so:?
 [36] _start() at /nix/store/bsvy9dc7095l5gxil5npqls6miqf0pfh-julia-1.5.4/lib/julia/sys.so:?
ERROR: type UnionAll has no field size
Stacktrace:
 [1] intrinsic_nothrow(::Core.IntrinsicFunction, ::Array{Any,1}) at /nix/store/bsvy9dc7095l5gxil5npqls6miqf0pfh-julia-1.5.4/lib/julia/sys.so:?
 [2] stmt_effect_free(::Any, ::Any, ::Core.Compiler.IRCode, ::Array{Any,1}) at /nix/store/bsvy9dc7095l5gxil5npqls6miqf0pfh-julia-1.5.4/lib/julia/sys.so:?
 [3] optimize(::Core.Compiler.OptimizationState, ::Any) at /nix/store/bsvy9dc7095l5gxil5npqls6miqf0pfh-julia-1.5.4/lib/julia/sys.so:?
 [4] typeinf(::Core.Compiler.InferenceState) at /nix/store/bsvy9dc7095l5gxil5npqls6miqf0pfh-julia-1.5.4/lib/julia/sys.so:?
 [5] typeinf_edge(::Method, ::Any, ::Core.SimpleVector, ::Core.Compiler.InferenceState) at /nix/store/bsvy9dc7095l5gxil5npqls6miqf0pfh-julia-1.5.4/lib/julia/sys.so:?
 [6] abstract_call_method(::Method, ::Any, ::Core.SimpleVector, ::Bool, ::Core.Compiler.InferenceState) at /nix/store/bsvy9dc7095l5gxil5npqls6miqf0pfh-julia-1.5.4/lib/julia/sys.so:?
 [7] abstract_call_gf_by_type(::Any, ::Array{Any,1}, ::Any, ::Core.Compiler.InferenceState, ::Int64) at /nix/store/bsvy9dc7095l5gxil5npqls6miqf0pfh-julia-1.5.4/lib/julia/sys.so:?
 [8] abstract_call_known(::Any, ::Array{Any,1}, ::Array{Any,1}, ::Array{Any,1}, ::Core.Compiler.InferenceState, ::Int64) at /nix/store/bsvy9dc7095l5gxil5npqls6miqf0pfh-julia-1.5.4/lib/julia/sys.so:?
 [9] abstract_call(::Array{Any,1}, ::Array{Any,1}, ::Array{Any,1}, ::Core.Compiler.InferenceState, ::Int64) at /nix/store/bsvy9dc7095l5gxil5npqls6miqf0pfh-julia-1.5.4/lib/julia/sys.so:? (repeats 2 times)
 [10] abstract_eval(::Any, ::Array{Any,1}, ::Core.Compiler.InferenceState) at /nix/store/bsvy9dc7095l5gxil5npqls6miqf0pfh-julia-1.5.4/lib/julia/sys.so:?
 [11] typeinf_local(::Core.Compiler.InferenceState) at /nix/store/bsvy9dc7095l5gxil5npqls6miqf0pfh-julia-1.5.4/lib/julia/sys.so:?
 [12] typeinf_nocycle(::Core.Compiler.InferenceState) at /nix/store/bsvy9dc7095l5gxil5npqls6miqf0pfh-julia-1.5.4/lib/julia/sys.so:?
 [13] typeinf(::Core.Compiler.InferenceState) at /nix/store/bsvy9dc7095l5gxil5npqls6miqf0pfh-julia-1.5.4/lib/julia/sys.so:?
 [14] typeinf_edge(::Method, ::Any, ::Core.SimpleVector, ::Core.Compiler.InferenceState) at /nix/store/bsvy9dc7095l5gxil5npqls6miqf0pfh-julia-1.5.4/lib/julia/sys.so:?
 [15] abstract_call_method(::Method, ::Any, ::Core.SimpleVector, ::Bool, ::Core.Compiler.InferenceState) at /nix/store/bsvy9dc7095l5gxil5npqls6miqf0pfh-julia-1.5.4/lib/julia/sys.so:?
 [16] abstract_call_gf_by_type(::Any, ::Array{Any,1}, ::Any, ::Core.Compiler.InferenceState, ::Int64) at /nix/store/bsvy9dc7095l5gxil5npqls6miqf0pfh-julia-1.5.4/lib/julia/sys.so:?
 [17] abstract_call_known(::Any, ::Nothing, ::Array{Any,1}, ::Array{Any,1}, ::Core.Compiler.InferenceState, ::Int64) at /nix/store/bsvy9dc7095l5gxil5npqls6miqf0pfh-julia-1.5.4/lib/julia/sys.so:?
 [18] abstract_call(::Nothing, ::Array{Any,1}, ::Array{Any,1}, ::Core.Compiler.InferenceState, ::Int64) at /nix/store/bsvy9dc7095l5gxil5npqls6miqf0pfh-julia-1.5.4/lib/julia/sys.so:?
 [19] abstract_apply(::Any, ::Any, ::Array{Any,1}, ::Array{Any,1}, ::Core.Compiler.InferenceState, ::Int64) at /nix/store/bsvy9dc7095l5gxil5npqls6miqf0pfh-julia-1.5.4/lib/julia/sys.so:?
 [20] abstract_call_known(::Any, ::Array{Any,1}, ::Array{Any,1}, ::Array{Any,1}, ::Core.Compiler.InferenceState, ::Int64) at /nix/store/bsvy9dc7095l5gxil5npqls6miqf0pfh-julia-1.5.4/lib/julia/sys.so:?
 [21] abstract_call(::Array{Any,1}, ::Array{Any,1}, ::Array{Any,1}, ::Core.Compiler.InferenceState, ::Int64) at /nix/store/bsvy9dc7095l5gxil5npqls6miqf0pfh-julia-1.5.4/lib/julia/sys.so:? (repeats 2 times)
 [22] abstract_eval(::Any, ::Array{Any,1}, ::Core.Compiler.InferenceState) at /nix/store/bsvy9dc7095l5gxil5npqls6miqf0pfh-julia-1.5.4/lib/julia/sys.so:?
 [23] typeinf_local(::Core.Compiler.InferenceState) at /nix/store/bsvy9dc7095l5gxil5npqls6miqf0pfh-julia-1.5.4/lib/julia/sys.so:?
 [24] typeinf_nocycle(::Core.Compiler.InferenceState) at /nix/store/bsvy9dc7095l5gxil5npqls6miqf0pfh-julia-1.5.4/lib/julia/sys.so:?
 [25] typeinf(::Core.Compiler.InferenceState) at /nix/store/bsvy9dc7095l5gxil5npqls6miqf0pfh-julia-1.5.4/lib/julia/sys.so:?
 [26] typeinf_code(::Method, ::Any, ::Core.SimpleVector, ::Bool, ::Core.Compiler.Params) at ./compiler/typeinfer.jl:511
 [27] code_typed(::Any, ::Any; optimize::Bool, debuginfo::Symbol, world::UInt64, params::Core.Compiler.Params) at ./reflection.jl:1117
 [28] run_type_inference at /data/artem/stability/repo/Stability/src/Stability.jl:61 [inlined]
 [29] module_stats(::Module, ::IOStream) at /data/artem/stability/repo/Stability/src/Stability.jl:248
 [30] (::var"#153#157")(::IOStream) at ./none:36
 [31] open(::var"#153#157", ::String, ::Vararg{String,N} where N; kwargs::Base.Iterators.Pairs{Union{},Union{},Tuple{},NamedTuple{(),Tuple{}}}) at ./io.jl:325
 [32] open(::Function, ::String, ::String) at /nix/store/bsvy9dc7095l5gxil5npqls6miqf0pfh-julia-1.5.4/lib/julia/sys.so:?
 [33] top-level scope at none:35
 [34] eval(::Module, ::Any) at /nix/store/bsvy9dc7095l5gxil5npqls6miqf0pfh-julia-1.5.4/lib/julia/sys.so:?
 [35] exec_options(::Base.JLOptions) at /nix/store/bsvy9dc7095l5gxil5npqls6miqf0pfh-julia-1.5.4/lib/julia/sys.so:?
 [36] _start() at /nix/store/bsvy9dc7095l5gxil5npqls6miqf0pfh-julia-1.5.4/lib/julia/sys.so:?
ERROR: type UnionAll has no field size
Stacktrace:
 [1] intrinsic_nothrow(::Core.IntrinsicFunction, ::Array{Any,1}) at /nix/store/bsvy9dc7095l5gxil5npqls6miqf0pfh-julia-1.5.4/lib/julia/sys.so:?
 [2] stmt_effect_free(::Any, ::Any, ::Core.Compiler.IRCode, ::Array{Any,1}) at /nix/store/bsvy9dc7095l5gxil5npqls6miqf0pfh-julia-1.5.4/lib/julia/sys.so:?
 [3] optimize(::Core.Compiler.OptimizationState, ::Any) at /nix/store/bsvy9dc7095l5gxil5npqls6miqf0pfh-julia-1.5.4/lib/julia/sys.so:?
 [4] typeinf(::Core.Compiler.InferenceState) at /nix/store/bsvy9dc7095l5gxil5npqls6miqf0pfh-julia-1.5.4/lib/julia/sys.so:?
 [5] typeinf_edge(::Method, ::Any, ::Core.SimpleVector, ::Core.Compiler.InferenceState) at /nix/store/bsvy9dc7095l5gxil5npqls6miqf0pfh-julia-1.5.4/lib/julia/sys.so:?
 [6] abstract_call_method(::Method, ::Any, ::Core.SimpleVector, ::Bool, ::Core.Compiler.InferenceState) at /nix/store/bsvy9dc7095l5gxil5npqls6miqf0pfh-julia-1.5.4/lib/julia/sys.so:?
 [7] abstract_call_gf_by_type(::Any, ::Array{Any,1}, ::Any, ::Core.Compiler.InferenceState, ::Int64) at /nix/store/bsvy9dc7095l5gxil5npqls6miqf0pfh-julia-1.5.4/lib/julia/sys.so:?
 [8] abstract_call_known(::Any, ::Array{Any,1}, ::Array{Any,1}, ::Array{Any,1}, ::Core.Compiler.InferenceState, ::Int64) at /nix/store/bsvy9dc7095l5gxil5npqls6miqf0pfh-julia-1.5.4/lib/julia/sys.so:?
 [9] abstract_call(::Array{Any,1}, ::Array{Any,1}, ::Array{Any,1}, ::Core.Compiler.InferenceState, ::Int64) at /nix/store/bsvy9dc7095l5gxil5npqls6miqf0pfh-julia-1.5.4/lib/julia/sys.so:? (repeats 2 times)
 [10] abstract_eval(::Any, ::Array{Any,1}, ::Core.Compiler.InferenceState) at /nix/store/bsvy9dc7095l5gxil5npqls6miqf0pfh-julia-1.5.4/lib/julia/sys.so:?
 [11] typeinf_local(::Core.Compiler.InferenceState) at /nix/store/bsvy9dc7095l5gxil5npqls6miqf0pfh-julia-1.5.4/lib/julia/sys.so:?
 [12] typeinf_nocycle(::Core.Compiler.InferenceState) at /nix/store/bsvy9dc7095l5gxil5npqls6miqf0pfh-julia-1.5.4/lib/julia/sys.so:?
 [13] typeinf(::Core.Compiler.InferenceState) at /nix/store/bsvy9dc7095l5gxil5npqls6miqf0pfh-julia-1.5.4/lib/julia/sys.so:?
 [14] typeinf_edge(::Method, ::Any, ::Core.SimpleVector, ::Core.Compiler.InferenceState) at /nix/store/bsvy9dc7095l5gxil5npqls6miqf0pfh-julia-1.5.4/lib/julia/sys.so:?
 [15] abstract_call_method(::Method, ::Any, ::Core.SimpleVector, ::Bool, ::Core.Compiler.InferenceState) at /nix/store/bsvy9dc7095l5gxil5npqls6miqf0pfh-julia-1.5.4/lib/julia/sys.so:?
 [16] abstract_call_gf_by_type(::Any, ::Array{Any,1}, ::Any, ::Core.Compiler.InferenceState, ::Int64) at /nix/store/bsvy9dc7095l5gxil5npqls6miqf0pfh-julia-1.5.4/lib/julia/sys.so:?
 [17] abstract_call_known(::Any, ::Nothing, ::Array{Any,1}, ::Array{Any,1}, ::Core.Compiler.InferenceState, ::Int64) at /nix/store/bsvy9dc7095l5gxil5npqls6miqf0pfh-julia-1.5.4/lib/julia/sys.so:?
 [18] abstract_call(::Nothing, ::Array{Any,1}, ::Array{Any,1}, ::Core.Compiler.InferenceState, ::Int64) at /nix/store/bsvy9dc7095l5gxil5npqls6miqf0pfh-julia-1.5.4/lib/julia/sys.so:?
 [19] abstract_apply(::Any, ::Any, ::Array{Any,1}, ::Array{Any,1}, ::Core.Compiler.InferenceState, ::Int64) at /nix/store/bsvy9dc7095l5gxil5npqls6miqf0pfh-julia-1.5.4/lib/julia/sys.so:?
 [20] abstract_call_known(::Any, ::Array{Any,1}, ::Array{Any,1}, ::Array{Any,1}, ::Core.Compiler.InferenceState, ::Int64) at /nix/store/bsvy9dc7095l5gxil5npqls6miqf0pfh-julia-1.5.4/lib/julia/sys.so:?
 [21] abstract_call(::Array{Any,1}, ::Array{Any,1}, ::Array{Any,1}, ::Core.Compiler.InferenceState, ::Int64) at /nix/store/bsvy9dc7095l5gxil5npqls6miqf0pfh-julia-1.5.4/lib/julia/sys.so:? (repeats 2 times)
 [22] abstract_eval(::Any, ::Array{Any,1}, ::Core.Compiler.InferenceState) at /nix/store/bsvy9dc7095l5gxil5npqls6miqf0pfh-julia-1.5.4/lib/julia/sys.so:?
 [23] typeinf_local(::Core.Compiler.InferenceState) at /nix/store/bsvy9dc7095l5gxil5npqls6miqf0pfh-julia-1.5.4/lib/julia/sys.so:?
 [24] typeinf_nocycle(::Core.Compiler.InferenceState) at /nix/store/bsvy9dc7095l5gxil5npqls6miqf0pfh-julia-1.5.4/lib/julia/sys.so:?
 [25] typeinf(::Core.Compiler.InferenceState) at /nix/store/bsvy9dc7095l5gxil5npqls6miqf0pfh-julia-1.5.4/lib/julia/sys.so:?
 [26] typeinf_code(::Method, ::Any, ::Core.SimpleVector, ::Bool, ::Core.Compiler.Params) at ./compiler/typeinfer.jl:511
 [27] code_typed(::Any, ::Any; optimize::Bool, debuginfo::Symbol, world::UInt64, params::Core.Compiler.Params) at ./reflection.jl:1117
 [28] run_type_inference at /data/artem/stability/repo/Stability/src/Stability.jl:61 [inlined]
 [29] module_stats(::Module, ::IOStream) at /data/artem/stability/repo/Stability/src/Stability.jl:248
 [30] (::var"#153#157")(::IOStream) at ./none:36
 [31] open(::var"#153#157", ::String, ::Vararg{String,N} where N; kwargs::Base.Iterators.Pairs{Union{},Union{},Tuple{},NamedTuple{(),Tuple{}}}) at ./io.jl:325
 [32] open(::Function, ::String, ::String) at /nix/store/bsvy9dc7095l5gxil5npqls6miqf0pfh-julia-1.5.4/lib/julia/sys.so:?
 [33] top-level scope at none:35
 [34] eval(::Module, ::Any) at /nix/store/bsvy9dc7095l5gxil5npqls6miqf0pfh-julia-1.5.4/lib/julia/sys.so:?
 [35] exec_options(::Base.JLOptions) at /nix/store/bsvy9dc7095l5gxil5npqls6miqf0pfh-julia-1.5.4/lib/julia/sys.so:?
 [36] _start() at /nix/store/bsvy9dc7095l5gxil5npqls6miqf0pfh-julia-1.5.4/lib/julia/sys.so:?
ERROR: type UnionAll has no field size
Stacktrace:
 [1] intrinsic_nothrow(::Core.IntrinsicFunction, ::Array{Any,1}) at /nix/store/bsvy9dc7095l5gxil5npqls6miqf0pfh-julia-1.5.4/lib/julia/sys.so:?
 [2] stmt_effect_free(::Any, ::Any, ::Core.Compiler.IRCode, ::Array{Any,1}) at /nix/store/bsvy9dc7095l5gxil5npqls6miqf0pfh-julia-1.5.4/lib/julia/sys.so:?
 [3] optimize(::Core.Compiler.OptimizationState, ::Any) at /nix/store/bsvy9dc7095l5gxil5npqls6miqf0pfh-julia-1.5.4/lib/julia/sys.so:?
 [4] typeinf(::Core.Compiler.InferenceState) at /nix/store/bsvy9dc7095l5gxil5npqls6miqf0pfh-julia-1.5.4/lib/julia/sys.so:?
 [5] typeinf_edge(::Method, ::Any, ::Core.SimpleVector, ::Core.Compiler.InferenceState) at /nix/store/bsvy9dc7095l5gxil5npqls6miqf0pfh-julia-1.5.4/lib/julia/sys.so:?
 [6] abstract_call_method(::Method, ::Any, ::Core.SimpleVector, ::Bool, ::Core.Compiler.InferenceState) at /nix/store/bsvy9dc7095l5gxil5npqls6miqf0pfh-julia-1.5.4/lib/julia/sys.so:?
 [7] abstract_call_gf_by_type(::Any, ::Array{Any,1}, ::Any, ::Core.Compiler.InferenceState, ::Int64) at /nix/store/bsvy9dc7095l5gxil5npqls6miqf0pfh-julia-1.5.4/lib/julia/sys.so:?
 [8] abstract_call_known(::Any, ::Array{Any,1}, ::Array{Any,1}, ::Array{Any,1}, ::Core.Compiler.InferenceState, ::Int64) at /nix/store/bsvy9dc7095l5gxil5npqls6miqf0pfh-julia-1.5.4/lib/julia/sys.so:?
 [9] abstract_call(::Array{Any,1}, ::Array{Any,1}, ::Array{Any,1}, ::Core.Compiler.InferenceState, ::Int64) at /nix/store/bsvy9dc7095l5gxil5npqls6miqf0pfh-julia-1.5.4/lib/julia/sys.so:? (repeats 2 times)
 [10] abstract_eval(::Any, ::Array{Any,1}, ::Core.Compiler.InferenceState) at /nix/store/bsvy9dc7095l5gxil5npqls6miqf0pfh-julia-1.5.4/lib/julia/sys.so:?
 [11] typeinf_local(::Core.Compiler.InferenceState) at /nix/store/bsvy9dc7095l5gxil5npqls6miqf0pfh-julia-1.5.4/lib/julia/sys.so:?
 [12] typeinf_nocycle(::Core.Compiler.InferenceState) at /nix/store/bsvy9dc7095l5gxil5npqls6miqf0pfh-julia-1.5.4/lib/julia/sys.so:?
 [13] typeinf(::Core.Compiler.InferenceState) at /nix/store/bsvy9dc7095l5gxil5npqls6miqf0pfh-julia-1.5.4/lib/julia/sys.so:?
 [14] typeinf_code(::Method, ::Any, ::Core.SimpleVector, ::Bool, ::Core.Compiler.Params) at ./compiler/typeinfer.jl:511
 [15] code_typed(::Any, ::Any; optimize::Bool, debuginfo::Symbol, world::UInt64, params::Core.Compiler.Params) at ./reflection.jl:1117
 [16] run_type_inference at /data/artem/stability/repo/Stability/src/Stability.jl:61 [inlined]
 [17] module_stats(::Module, ::IOStream) at /data/artem/stability/repo/Stability/src/Stability.jl:248
 [18] (::var"#153#157")(::IOStream) at ./none:36
 [19] open(::var"#153#157", ::String, ::Vararg{String,N} where N; kwargs::Base.Iterators.Pairs{Union{},Union{},Tuple{},NamedTuple{(),Tuple{}}}) at ./io.jl:325
 [20] open(::Function, ::String, ::String) at /nix/store/bsvy9dc7095l5gxil5npqls6miqf0pfh-julia-1.5.4/lib/julia/sys.so:?
 [21] top-level scope at none:35
 [22] eval(::Module, ::Any) at /nix/store/bsvy9dc7095l5gxil5npqls6miqf0pfh-julia-1.5.4/lib/julia/sys.so:?
 [23] exec_options(::Base.JLOptions) at /nix/store/bsvy9dc7095l5gxil5npqls6miqf0pfh-julia-1.5.4/lib/julia/sys.so:?
 [24] _start() at /nix/store/bsvy9dc7095l5gxil5npqls6miqf0pfh-julia-1.5.4/lib/julia/sys.so:?
ERROR: type UnionAll has no field size
Stacktrace:
 [1] intrinsic_nothrow(::Core.IntrinsicFunction, ::Array{Any,1}) at /nix/store/bsvy9dc7095l5gxil5npqls6miqf0pfh-julia-1.5.4/lib/julia/sys.so:?
 [2] stmt_effect_free(::Any, ::Any, ::Core.Compiler.IRCode, ::Array{Any,1}) at /nix/store/bsvy9dc7095l5gxil5npqls6miqf0pfh-julia-1.5.4/lib/julia/sys.so:?
 [3] optimize(::Core.Compiler.OptimizationState, ::Any) at /nix/store/bsvy9dc7095l5gxil5npqls6miqf0pfh-julia-1.5.4/lib/julia/sys.so:?
 [4] typeinf(::Core.Compiler.InferenceState) at /nix/store/bsvy9dc7095l5gxil5npqls6miqf0pfh-julia-1.5.4/lib/julia/sys.so:?
 [5] typeinf_edge(::Method, ::Any, ::Core.SimpleVector, ::Core.Compiler.InferenceState) at /nix/store/bsvy9dc7095l5gxil5npqls6miqf0pfh-julia-1.5.4/lib/julia/sys.so:?
 [6] abstract_call_method(::Method, ::Any, ::Core.SimpleVector, ::Bool, ::Core.Compiler.InferenceState) at /nix/store/bsvy9dc7095l5gxil5npqls6miqf0pfh-julia-1.5.4/lib/julia/sys.so:?
 [7] abstract_call_gf_by_type(::Any, ::Array{Any,1}, ::Any, ::Core.Compiler.InferenceState, ::Int64) at /nix/store/bsvy9dc7095l5gxil5npqls6miqf0pfh-julia-1.5.4/lib/julia/sys.so:?
 [8] abstract_call_known(::Any, ::Array{Any,1}, ::Array{Any,1}, ::Array{Any,1}, ::Core.Compiler.InferenceState, ::Int64) at /nix/store/bsvy9dc7095l5gxil5npqls6miqf0pfh-julia-1.5.4/lib/julia/sys.so:?
 [9] abstract_call(::Array{Any,1}, ::Array{Any,1}, ::Array{Any,1}, ::Core.Compiler.InferenceState, ::Int64) at /nix/store/bsvy9dc7095l5gxil5npqls6miqf0pfh-julia-1.5.4/lib/julia/sys.so:? (repeats 2 times)
 [10] abstract_eval(::Any, ::Array{Any,1}, ::Core.Compiler.InferenceState) at /nix/store/bsvy9dc7095l5gxil5npqls6miqf0pfh-julia-1.5.4/lib/julia/sys.so:?
 [11] typeinf_local(::Core.Compiler.InferenceState) at /nix/store/bsvy9dc7095l5gxil5npqls6miqf0pfh-julia-1.5.4/lib/julia/sys.so:?
 [12] typeinf_nocycle(::Core.Compiler.InferenceState) at /nix/store/bsvy9dc7095l5gxil5npqls6miqf0pfh-julia-1.5.4/lib/julia/sys.so:?
 [13] typeinf(::Core.Compiler.InferenceState) at /nix/store/bsvy9dc7095l5gxil5npqls6miqf0pfh-julia-1.5.4/lib/julia/sys.so:?
 [14] typeinf_code(::Method, ::Any, ::Core.SimpleVector, ::Bool, ::Core.Compiler.Params) at ./compiler/typeinfer.jl:511
 [15] code_typed(::Any, ::Any; optimize::Bool, debuginfo::Symbol, world::UInt64, params::Core.Compiler.Params) at ./reflection.jl:1117
 [16] run_type_inference at /data/artem/stability/repo/Stability/src/Stability.jl:61 [inlined]
 [17] module_stats(::Module, ::IOStream) at /data/artem/stability/repo/Stability/src/Stability.jl:248
 [18] (::var"#153#157")(::IOStream) at ./none:36
 [19] open(::var"#153#157", ::String, ::Vararg{String,N} where N; kwargs::Base.Iterators.Pairs{Union{},Union{},Tuple{},NamedTuple{(),Tuple{}}}) at ./io.jl:325
 [20] open(::Function, ::String, ::String) at /nix/store/bsvy9dc7095l5gxil5npqls6miqf0pfh-julia-1.5.4/lib/julia/sys.so:?
 [21] top-level scope at none:35
 [22] eval(::Module, ::Any) at /nix/store/bsvy9dc7095l5gxil5npqls6miqf0pfh-julia-1.5.4/lib/julia/sys.so:?
 [23] exec_options(::Base.JLOptions) at /nix/store/bsvy9dc7095l5gxil5npqls6miqf0pfh-julia-1.5.4/lib/julia/sys.so:?
 [24] _start() at /nix/store/bsvy9dc7095l5gxil5npqls6miqf0pfh-julia-1.5.4/lib/julia/sys.so:?
ERROR: type UnionAll has no field size
Stacktrace:
 [1] intrinsic_nothrow(::Core.IntrinsicFunction, ::Array{Any,1}) at /nix/store/bsvy9dc7095l5gxil5npqls6miqf0pfh-julia-1.5.4/lib/julia/sys.so:?
 [2] stmt_effect_free(::Any, ::Any, ::Core.Compiler.IRCode, ::Array{Any,1}) at /nix/store/bsvy9dc7095l5gxil5npqls6miqf0pfh-julia-1.5.4/lib/julia/sys.so:?
 [3] optimize(::Core.Compiler.OptimizationState, ::Any) at /nix/store/bsvy9dc7095l5gxil5npqls6miqf0pfh-julia-1.5.4/lib/julia/sys.so:?
 [4] typeinf(::Core.Compiler.InferenceState) at /nix/store/bsvy9dc7095l5gxil5npqls6miqf0pfh-julia-1.5.4/lib/julia/sys.so:?
 [5] typeinf_edge(::Method, ::Any, ::Core.SimpleVector, ::Core.Compiler.InferenceState) at /nix/store/bsvy9dc7095l5gxil5npqls6miqf0pfh-julia-1.5.4/lib/julia/sys.so:?
 [6] abstract_call_method(::Method, ::Any, ::Core.SimpleVector, ::Bool, ::Core.Compiler.InferenceState) at /nix/store/bsvy9dc7095l5gxil5npqls6miqf0pfh-julia-1.5.4/lib/julia/sys.so:?
 [7] abstract_call_gf_by_type(::Any, ::Array{Any,1}, ::Any, ::Core.Compiler.InferenceState, ::Int64) at /nix/store/bsvy9dc7095l5gxil5npqls6miqf0pfh-julia-1.5.4/lib/julia/sys.so:?
 [8] abstract_call_known(::Any, ::Array{Any,1}, ::Array{Any,1}, ::Array{Any,1}, ::Core.Compiler.InferenceState, ::Int64) at /nix/store/bsvy9dc7095l5gxil5npqls6miqf0pfh-julia-1.5.4/lib/julia/sys.so:?
 [9] abstract_call(::Array{Any,1}, ::Array{Any,1}, ::Array{Any,1}, ::Core.Compiler.InferenceState, ::Int64) at /nix/store/bsvy9dc7095l5gxil5npqls6miqf0pfh-julia-1.5.4/lib/julia/sys.so:? (repeats 2 times)
 [10] abstract_eval(::Any, ::Array{Any,1}, ::Core.Compiler.InferenceState) at /nix/store/bsvy9dc7095l5gxil5npqls6miqf0pfh-julia-1.5.4/lib/julia/sys.so:?
 [11] typeinf_local(::Core.Compiler.InferenceState) at /nix/store/bsvy9dc7095l5gxil5npqls6miqf0pfh-julia-1.5.4/lib/julia/sys.so:?
 [12] typeinf_nocycle(::Core.Compiler.InferenceState) at /nix/store/bsvy9dc7095l5gxil5npqls6miqf0pfh-julia-1.5.4/lib/julia/sys.so:?
 [13] typeinf(::Core.Compiler.InferenceState) at /nix/store/bsvy9dc7095l5gxil5npqls6miqf0pfh-julia-1.5.4/lib/julia/sys.so:?
 [14] typeinf_code(::Method, ::Any, ::Core.SimpleVector, ::Bool, ::Core.Compiler.Params) at ./compiler/typeinfer.jl:511
 [15] code_typed(::Any, ::Any; optimize::Bool, debuginfo::Symbol, world::UInt64, params::Core.Compiler.Params) at ./reflection.jl:1117
 [16] run_type_inference at /data/artem/stability/repo/Stability/src/Stability.jl:61 [inlined]
 [17] module_stats(::Module, ::IOStream) at /data/artem/stability/repo/Stability/src/Stability.jl:248
 [18] (::var"#153#157")(::IOStream) at ./none:36
 [19] open(::var"#153#157", ::String, ::Vararg{String,N} where N; kwargs::Base.Iterators.Pairs{Union{},Union{},Tuple{},NamedTuple{(),Tuple{}}}) at ./io.jl:325
 [20] open(::Function, ::String, ::String) at /nix/store/bsvy9dc7095l5gxil5npqls6miqf0pfh-julia-1.5.4/lib/julia/sys.so:?
 [21] top-level scope at none:35
 [22] eval(::Module, ::Any) at /nix/store/bsvy9dc7095l5gxil5npqls6miqf0pfh-julia-1.5.4/lib/julia/sys.so:?
 [23] exec_options(::Base.JLOptions) at /nix/store/bsvy9dc7095l5gxil5npqls6miqf0pfh-julia-1.5.4/lib/julia/sys.so:?
 [24] _start() at /nix/store/bsvy9dc7095l5gxil5npqls6miqf0pfh-julia-1.5.4/lib/julia/sys.so:?
